2024-11-09 18:30:48,204 INFO o.a.j.u.JMeterUtils: Setting Locale to en_EN
2024-11-09 18:30:48,225 INFO o.a.j.JMeter: Loading user properties from: /opt/jmeter/bin/user.properties
2024-11-09 18:30:48,225 INFO o.a.j.JMeter: Loading system properties from: /opt/jmeter/bin/system.properties
2024-11-09 18:30:48,231 INFO o.a.j.JMeter: Copyright (c) 1998-2024 The Apache Software Foundation
2024-11-09 18:30:48,231 INFO o.a.j.JMeter: Version 5.6.3
2024-11-09 18:30:48,231 INFO o.a.j.JMeter: java.version=21.0.4
2024-11-09 18:30:48,231 INFO o.a.j.JMeter: java.vm.name=OpenJDK 64-Bit Server VM
2024-11-09 18:30:48,231 INFO o.a.j.JMeter: os.name=Linux
2024-11-09 18:30:48,232 INFO o.a.j.JMeter: os.arch=amd64
2024-11-09 18:30:48,232 INFO o.a.j.JMeter: os.version=6.8.0-48-generic
2024-11-09 18:30:48,232 INFO o.a.j.JMeter: file.encoding=UTF-8
2024-11-09 18:30:48,232 INFO o.a.j.JMeter: java.awt.headless=true
2024-11-09 18:30:48,232 INFO o.a.j.JMeter: Max memory     =1073741824
2024-11-09 18:30:48,232 INFO o.a.j.JMeter: Available Processors =12
2024-11-09 18:30:48,242 INFO o.a.j.JMeter: Default Locale=English (EN)
2024-11-09 18:30:48,243 INFO o.a.j.JMeter: JMeter  Locale=English (EN)
2024-11-09 18:30:48,243 INFO o.a.j.JMeter: JMeterHome=/opt/jmeter
2024-11-09 18:30:48,243 INFO o.a.j.JMeter: user.dir  =/home/evgen/Git_Project/Studing_Perfogmance_Testing/Homework/Apache_Jemetr
2024-11-09 18:30:48,243 INFO o.a.j.JMeter: PWD       =/home/evgen/Git_Project/Studing_Perfogmance_Testing/Homework/Apache_Jemetr
2024-11-09 18:30:48,243 INFO o.a.j.JMeter: IP: 127.0.1.1 Name: evgendesktop FullName: evgendesktop
2024-11-09 18:30:48,260 INFO o.a.j.s.FileServer: Default base='/home/evgen/Git_Project/Studing_Perfogmance_Testing/Homework/Apache_Jemetr'
2024-11-09 18:30:48,261 INFO o.a.j.s.FileServer: Set new base='/home/evgen/Git_Project/Studing_Perfogmance_Testing/Homework/Apache_Jemetr'
2024-11-09 18:30:48,487 INFO o.a.j.s.SaveService: Testplan (JMX) version: 2.2. Testlog (JTL) version: 2.2
2024-11-09 18:30:48,523 INFO o.a.j.s.SaveService: Using SaveService properties version 5.0
2024-11-09 18:30:48,526 INFO o.a.j.s.SaveService: Using SaveService properties file encoding UTF-8
2024-11-09 18:30:48,531 INFO o.a.j.s.SaveService: Loading file: UC01A_HabrRegEx.jmx
2024-11-09 18:30:48,610 INFO o.a.j.p.h.s.HTTPSamplerBase: Parser for text/html is org.apache.jmeter.protocol.http.parser.LagartoBasedHtmlParser
2024-11-09 18:30:48,610 INFO o.a.j.p.h.s.HTTPSamplerBase: Parser for application/xhtml+xml is org.apache.jmeter.protocol.http.parser.LagartoBasedHtmlParser
2024-11-09 18:30:48,611 INFO o.a.j.p.h.s.HTTPSamplerBase: Parser for application/xml is org.apache.jmeter.protocol.http.parser.LagartoBasedHtmlParser
2024-11-09 18:30:48,611 INFO o.a.j.p.h.s.HTTPSamplerBase: Parser for text/xml is org.apache.jmeter.protocol.http.parser.LagartoBasedHtmlParser
2024-11-09 18:30:48,611 INFO o.a.j.p.h.s.HTTPSamplerBase: Parser for text/vnd.wap.wml is org.apache.jmeter.protocol.http.parser.RegexpHTMLParser
2024-11-09 18:30:48,611 INFO o.a.j.p.h.s.HTTPSamplerBase: Parser for text/css is org.apache.jmeter.protocol.http.parser.CssParser
2024-11-09 18:30:48,648 INFO o.a.j.JMeter: Creating summariser <summary>
2024-11-09 18:30:48,663 INFO o.a.j.e.StandardJMeterEngine: Running the test!
2024-11-09 18:30:48,664 INFO o.a.j.s.SampleEvent: List of sample_variables: []
2024-11-09 18:30:48,664 INFO o.a.j.s.SampleEvent: List of sample_variables: []
2024-11-09 18:30:48,669 INFO o.a.j.e.u.CompoundVariable: Note: Function class names must contain the string: '.functions.'
2024-11-09 18:30:48,669 INFO o.a.j.e.u.CompoundVariable: Note: Function class names must not contain the string: '.gui.'
2024-11-09 18:30:48,716 INFO o.a.j.r.ClassFinder: Will scan jar /opt/jmeter/lib/ext/jmeter-plugins-wsc-0.7.jar with filter ExtendsClassFilter [parents=[interface org.apache.jmeter.functions.Function], inner=false, contains=null, notContains=null]. Consider exposing JMeter plugins via META-INF/services, and add JMeter-Skip-Class-Scanning=true manifest attribute so JMeter can skip classfile scanning
2024-11-09 18:30:48,719 INFO o.a.j.r.ClassFinder: Will scan jar /opt/jmeter/lib/ext/jmeter-plugins-autostop-0.2.jar with filter ExtendsClassFilter [parents=[interface org.apache.jmeter.functions.Function], inner=false, contains=null, notContains=null]. Consider exposing JMeter plugins via META-INF/services, and add JMeter-Skip-Class-Scanning=true manifest attribute so JMeter can skip classfile scanning
2024-11-09 18:30:48,721 INFO o.a.j.r.ClassFinder: Will scan jar /opt/jmeter/lib/ext/jmeter-plugins-graphs-dist-2.0.jar with filter ExtendsClassFilter [parents=[interface org.apache.jmeter.functions.Function], inner=false, contains=null, notContains=null]. Consider exposing JMeter plugins via META-INF/services, and add JMeter-Skip-Class-Scanning=true manifest attribute so JMeter can skip classfile scanning
2024-11-09 18:30:48,724 INFO o.a.j.r.ClassFinder: Will scan jar /opt/jmeter/lib/ext/jmeter-plugins-manager-1.10.jar with filter ExtendsClassFilter [parents=[interface org.apache.jmeter.functions.Function], inner=false, contains=null, notContains=null]. Consider exposing JMeter plugins via META-INF/services, and add JMeter-Skip-Class-Scanning=true manifest attribute so JMeter can skip classfile scanning
2024-11-09 18:30:48,828 INFO o.a.j.r.ClassFinder: Will scan jar /opt/jmeter/lib/ext/jmeter-plugins-casutg-2.10.jar with filter ExtendsClassFilter [parents=[interface org.apache.jmeter.functions.Function], inner=false, contains=null, notContains=null]. Consider exposing JMeter plugins via META-INF/services, and add JMeter-Skip-Class-Scanning=true manifest attribute so JMeter can skip classfile scanning
2024-11-09 18:30:48,840 INFO o.a.j.r.ClassFinder: Will scan jar /opt/jmeter/lib/ext/jmeter-plugins-graphs-additional-2.0.jar with filter ExtendsClassFilter [parents=[interface org.apache.jmeter.functions.Function], inner=false, contains=null, notContains=null]. Consider exposing JMeter plugins via META-INF/services, and add JMeter-Skip-Class-Scanning=true manifest attribute so JMeter can skip classfile scanning
2024-11-09 18:30:48,842 INFO o.a.j.r.ClassFinder: Will scan jar /opt/jmeter/lib/ext/jmeter-plugins-graphs-basic-2.0.jar with filter ExtendsClassFilter [parents=[interface org.apache.jmeter.functions.Function], inner=false, contains=null, notContains=null]. Consider exposing JMeter plugins via META-INF/services, and add JMeter-Skip-Class-Scanning=true manifest attribute so JMeter can skip classfile scanning
2024-11-09 18:30:48,844 INFO o.a.j.r.ClassFinder: Will scan jar /opt/jmeter/lib/ext/jmeter-plugins-graphs-vs-2.0.jar with filter ExtendsClassFilter [parents=[interface org.apache.jmeter.functions.Function], inner=false, contains=null, notContains=null]. Consider exposing JMeter plugins via META-INF/services, and add JMeter-Skip-Class-Scanning=true manifest attribute so JMeter can skip classfile scanning
2024-11-09 18:30:48,846 INFO o.a.j.r.ClassFinder: Will scan jar /opt/jmeter/lib/ext/jmeter-plugins-ffw-2.0.jar with filter ExtendsClassFilter [parents=[interface org.apache.jmeter.functions.Function], inner=false, contains=null, notContains=null]. Consider exposing JMeter plugins via META-INF/services, and add JMeter-Skip-Class-Scanning=true manifest attribute so JMeter can skip classfile scanning
2024-11-09 18:30:48,847 INFO o.a.j.r.ClassFinder: Will scan jar /opt/jmeter/lib/ext/jmeter-plugins-random-csv-data-set-0.8.jar with filter ExtendsClassFilter [parents=[interface org.apache.jmeter.functions.Function], inner=false, contains=null, notContains=null]. Consider exposing JMeter plugins via META-INF/services, and add JMeter-Skip-Class-Scanning=true manifest attribute so JMeter can skip classfile scanning
2024-11-09 18:30:49,093 ERROR o.a.j.u.BeanShellInterpreter: Error invoking bsh method: eval	Sourced file: inline evaluation of: ``vars.get('PWD');'' Token Parsing Error: Lexical error at line 1, column 12.  Encountered: "W" (87), after : "\'P"
2024-11-09 18:30:49,093 WARN o.a.j.f.BeanShell: Error running BSH script
org.apache.jorphan.util.JMeterException: Error invoking bsh method: eval	Sourced file: inline evaluation of: ``vars.get('PWD');'' Token Parsing Error: Lexical error at line 1, column 12.  Encountered: "W" (87), after : "\'P"
	at org.apache.jmeter.util.BeanShellInterpreter.bshInvoke(BeanShellInterpreter.java:179) ~[ApacheJMeter_core.jar:5.6.3]
	at org.apache.jmeter.util.BeanShellInterpreter.eval(BeanShellInterpreter.java:185) ~[ApacheJMeter_core.jar:5.6.3]
	at org.apache.jmeter.functions.BeanShell.execute(BeanShell.java:102) ~[ApacheJMeter_functions.jar:5.6.3]
	at org.apache.jmeter.engine.util.CompoundVariable.execute(CompoundVariable.java:139) ~[ApacheJMeter_core.jar:5.6.3]
	at org.apache.jmeter.engine.util.CompoundVariable.execute(CompoundVariable.java:114) ~[ApacheJMeter_core.jar:5.6.3]
	at org.apache.jmeter.testelement.property.FunctionProperty.getStringValue(FunctionProperty.java:104) ~[ApacheJMeter_core.jar:5.6.3]
	at org.apache.jmeter.testbeans.TestBeanHelper.unwrapProperty(TestBeanHelper.java:196) ~[ApacheJMeter_core.jar:5.6.3]
	at org.apache.jmeter.testbeans.TestBeanHelper.prepare(TestBeanHelper.java:143) ~[ApacheJMeter_core.jar:5.6.3]
	at org.apache.jmeter.engine.StandardJMeterEngine.notifyTestListenersOfStart(StandardJMeterEngine.java:244) ~[ApacheJMeter_core.jar:5.6.3]
	at org.apache.jmeter.engine.StandardJMeterEngine.run(StandardJMeterEngine.java:432) ~[ApacheJMeter_core.jar:5.6.3]
	at java.base/java.util.concurrent.Executors$RunnableAdapter.call(Executors.java:572) ~[?:?]
	at java.base/java.util.concurrent.FutureTask.run(FutureTask.java:317) ~[?:?]
	at java.base/java.util.concurrent.ThreadPoolExecutor.runWorker(ThreadPoolExecutor.java:1144) ~[?:?]
	at java.base/java.util.concurrent.ThreadPoolExecutor$Worker.run(ThreadPoolExecutor.java:642) ~[?:?]
	at java.base/java.lang.Thread.run(Thread.java:1583) [?:?]
Caused by: java.lang.reflect.InvocationTargetException
	at java.base/jdk.internal.reflect.DirectMethodHandleAccessor.invoke(DirectMethodHandleAccessor.java:118) ~[?:?]
	at java.base/java.lang.reflect.Method.invoke(Method.java:580) ~[?:?]
	at org.apache.jmeter.util.BeanShellInterpreter.bshInvoke(BeanShellInterpreter.java:162) ~[ApacheJMeter_core.jar:5.6.3]
	... 14 more
Caused by: bsh.EvalError: Sourced file: inline evaluation of: ``vars.get('PWD');'' Token Parsing Error: Lexical error at line 1, column 12.  Encountered: "W" (87), after : "\'P"
	at bsh.Interpreter.eval(Interpreter.java:710) ~[bsh-2.0b6.jar:2.0b6 2016-02-05 05:16:19]
	at bsh.Interpreter.eval(Interpreter.java:750) ~[bsh-2.0b6.jar:2.0b6 2016-02-05 05:16:19]
	at bsh.Interpreter.eval(Interpreter.java:739) ~[bsh-2.0b6.jar:2.0b6 2016-02-05 05:16:19]
	at java.base/jdk.internal.reflect.DirectMethodHandleAccessor.invoke(DirectMethodHandleAccessor.java:103) ~[?:?]
	at java.base/java.lang.reflect.Method.invoke(Method.java:580) ~[?:?]
	at org.apache.jmeter.util.BeanShellInterpreter.bshInvoke(BeanShellInterpreter.java:162) ~[ApacheJMeter_core.jar:5.6.3]
	... 14 more
Caused by: bsh.TokenMgrError: Lexical error at line 1, column 12.  Encountered: "W" (87), after : "\'P"
	at bsh.ParserTokenManager.getNextToken(ParserTokenManager.java:2130) ~[bsh-2.0b6.jar:2.0b6 2016-02-05 05:16:19]
	at bsh.Parser.jj_scan_token(Parser.java:5986) ~[bsh-2.0b6.jar:2.0b6 2016-02-05 05:16:19]
	at bsh.Parser.jj_3R_138(Parser.java:4702) ~[bsh-2.0b6.jar:2.0b6 2016-02-05 05:16:19]
	at bsh.Parser.jj_3R_129(Parser.java:4679) ~[bsh-2.0b6.jar:2.0b6 2016-02-05 05:16:19]
	at bsh.Parser.jj_3R_98(Parser.java:5046) ~[bsh-2.0b6.jar:2.0b6 2016-02-05 05:16:19]
	at bsh.Parser.jj_3R_57(Parser.java:5026) ~[bsh-2.0b6.jar:2.0b6 2016-02-05 05:16:19]
	at bsh.Parser.jj_3R_33(Parser.java:5103) ~[bsh-2.0b6.jar:2.0b6 2016-02-05 05:16:19]
	at bsh.Parser.jj_3R_107(Parser.java:4171) ~[bsh-2.0b6.jar:2.0b6 2016-02-05 05:16:19]
	at bsh.Parser.jj_3R_70(Parser.java:4235) ~[bsh-2.0b6.jar:2.0b6 2016-02-05 05:16:19]
	at bsh.Parser.jj_3R_39(Parser.java:4227) ~[bsh-2.0b6.jar:2.0b6 2016-02-05 05:16:19]
	at bsh.Parser.jj_3R_134(Parser.java:4285) ~[bsh-2.0b6.jar:2.0b6 2016-02-05 05:16:19]
	at bsh.Parser.jj_3R_106(Parser.java:4295) ~[bsh-2.0b6.jar:2.0b6 2016-02-05 05:16:19]
	at bsh.Parser.jj_3R_69(Parser.java:4309) ~[bsh-2.0b6.jar:2.0b6 2016-02-05 05:16:19]
	at bsh.Parser.jj_3R_37(Parser.java:5058) ~[bsh-2.0b6.jar:2.0b6 2016-02-05 05:16:19]
	at bsh.Parser.jj_3R_101(Parser.java:4965) ~[bsh-2.0b6.jar:2.0b6 2016-02-05 05:16:19]
	at bsh.Parser.jj_3R_57(Parser.java:5032) ~[bsh-2.0b6.jar:2.0b6 2016-02-05 05:16:19]
	at bsh.Parser.jj_3R_33(Parser.java:5103) ~[bsh-2.0b6.jar:2.0b6 2016-02-05 05:16:19]
	at bsh.Parser.jj_3_8(Parser.java:4154) ~[bsh-2.0b6.jar:2.0b6 2016-02-05 05:16:19]
	at bsh.Parser.jj_2_8(Parser.java:3758) ~[bsh-2.0b6.jar:2.0b6 2016-02-05 05:16:19]
	at bsh.Parser.Expression(Parser.java:1064) ~[bsh-2.0b6.jar:2.0b6 2016-02-05 05:16:19]
	at bsh.Parser.StatementExpression(Parser.java:2864) ~[bsh-2.0b6.jar:2.0b6 2016-02-05 05:16:19]
	at bsh.Parser.Statement(Parser.java:2698) ~[bsh-2.0b6.jar:2.0b6 2016-02-05 05:16:19]
	at bsh.Parser.BlockStatement(Parser.java:2819) ~[bsh-2.0b6.jar:2.0b6 2016-02-05 05:16:19]
	at bsh.Parser.Line(Parser.java:172) ~[bsh-2.0b6.jar:2.0b6 2016-02-05 05:16:19]
	at bsh.Interpreter.Line(Interpreter.java:1011) ~[bsh-2.0b6.jar:2.0b6 2016-02-05 05:16:19]
	at bsh.Interpreter.eval(Interpreter.java:641) ~[bsh-2.0b6.jar:2.0b6 2016-02-05 05:16:19]
	at bsh.Interpreter.eval(Interpreter.java:750) ~[bsh-2.0b6.jar:2.0b6 2016-02-05 05:16:19]
	at bsh.Interpreter.eval(Interpreter.java:739) ~[bsh-2.0b6.jar:2.0b6 2016-02-05 05:16:19]
	at java.base/jdk.internal.reflect.DirectMethodHandleAccessor.invoke(DirectMethodHandleAccessor.java:103) ~[?:?]
	at java.base/java.lang.reflect.Method.invoke(Method.java:580) ~[?:?]
	at org.apache.jmeter.util.BeanShellInterpreter.bshInvoke(BeanShellInterpreter.java:162) ~[ApacheJMeter_core.jar:5.6.3]
	... 14 more
2024-11-09 18:30:49,100 INFO o.a.j.JMeter: Running test (1731162649100)
2024-11-09 18:30:49,123 INFO o.a.j.e.StandardJMeterEngine: Starting ThreadGroup: 1 : UC01A_HabrRegEx
2024-11-09 18:30:49,123 INFO o.a.j.e.StandardJMeterEngine: Starting 1 threads for group UC01A_HabrRegEx.
2024-11-09 18:30:49,123 INFO o.a.j.e.StandardJMeterEngine: Thread will continue on error
2024-11-09 18:30:49,124 INFO o.a.j.t.ThreadGroup: Starting thread group... number=1 threads=1 ramp-up=1 delayedStart=false
2024-11-09 18:30:49,128 INFO o.a.j.t.ThreadGroup: Started thread group number 1
2024-11-09 18:30:49,129 INFO o.a.j.e.StandardJMeterEngine: All thread groups have been started
2024-11-09 18:30:49,131 INFO o.a.j.t.JMeterThread: Thread started: UC01A_HabrRegEx 1-1
2024-11-09 18:30:49,149 INFO o.a.j.p.h.s.HTTPHCAbstractImpl: Local host = evgendesktop
2024-11-09 18:30:49,156 INFO o.a.j.p.h.s.HTTPHC4Impl: HTTP request retry count = 0
2024-11-09 18:30:49,157 INFO o.a.j.s.SampleResult: Note: Sample TimeStamps are START times
2024-11-09 18:30:49,157 INFO o.a.j.s.SampleResult: sampleresult.default.encoding is set to UTF-8
2024-11-09 18:30:49,158 INFO o.a.j.s.SampleResult: sampleresult.useNanoTime=true
2024-11-09 18:30:49,158 INFO o.a.j.s.SampleResult: sampleresult.nanoThreadSleep=5000
2024-11-09 18:30:49,249 INFO o.a.j.p.h.s.h.LazyLayeredConnectionSocketFactory: Setting up HTTPS TrustAll Socket Factory
2024-11-09 18:30:49,254 INFO o.a.j.u.JsseSSLManager: Using default SSL protocol: TLS
2024-11-09 18:30:49,254 INFO o.a.j.u.JsseSSLManager: SSL session context: per-thread
2024-11-09 18:30:49,329 INFO o.a.j.u.SSLManager: JmeterKeyStore Location:  type JKS
2024-11-09 18:30:49,332 INFO o.a.j.u.SSLManager: KeyStore created OK
2024-11-09 18:30:49,332 WARN o.a.j.u.SSLManager: Keystore file not found, loading empty keystore
2024-11-09 18:30:50,010 ERROR o.a.j.u.BeanShellInterpreter: Error invoking bsh method: eval	Sourced file: inline evaluation of: ``vars.get('PWD');'' Token Parsing Error: Lexical error at line 1, column 12.  Encountered: "W" (87), after : "\'P"
2024-11-09 18:30:50,010 WARN o.a.j.f.BeanShell: Error running BSH script
org.apache.jorphan.util.JMeterException: Error invoking bsh method: eval	Sourced file: inline evaluation of: ``vars.get('PWD');'' Token Parsing Error: Lexical error at line 1, column 12.  Encountered: "W" (87), after : "\'P"
	at org.apache.jmeter.util.BeanShellInterpreter.bshInvoke(BeanShellInterpreter.java:179) ~[ApacheJMeter_core.jar:5.6.3]
	at org.apache.jmeter.util.BeanShellInterpreter.eval(BeanShellInterpreter.java:185) ~[ApacheJMeter_core.jar:5.6.3]
	at org.apache.jmeter.functions.BeanShell.execute(BeanShell.java:102) ~[ApacheJMeter_functions.jar:5.6.3]
	at org.apache.jmeter.engine.util.CompoundVariable.execute(CompoundVariable.java:139) ~[ApacheJMeter_core.jar:5.6.3]
	at org.apache.jmeter.engine.util.CompoundVariable.execute(CompoundVariable.java:114) ~[ApacheJMeter_core.jar:5.6.3]
	at org.apache.jmeter.testelement.property.FunctionProperty.getStringValue(FunctionProperty.java:104) ~[ApacheJMeter_core.jar:5.6.3]
	at org.apache.jmeter.testbeans.TestBeanHelper.unwrapProperty(TestBeanHelper.java:196) ~[ApacheJMeter_core.jar:5.6.3]
	at org.apache.jmeter.testbeans.TestBeanHelper.prepare(TestBeanHelper.java:143) ~[ApacheJMeter_core.jar:5.6.3]
	at org.apache.jmeter.threads.JMeterThread.doSampling(JMeterThread.java:638) ~[ApacheJMeter_core.jar:5.6.3]
	at org.apache.jmeter.threads.JMeterThread.executeSamplePackage(JMeterThread.java:570) ~[ApacheJMeter_core.jar:5.6.3]
	at org.apache.jmeter.threads.JMeterThread.processSampler(JMeterThread.java:501) ~[ApacheJMeter_core.jar:5.6.3]
	at org.apache.jmeter.threads.JMeterThread.run(JMeterThread.java:268) ~[ApacheJMeter_core.jar:5.6.3]
	at java.base/java.lang.Thread.run(Thread.java:1583) [?:?]
Caused by: java.lang.reflect.InvocationTargetException
	at java.base/jdk.internal.reflect.DirectMethodHandleAccessor.invoke(DirectMethodHandleAccessor.java:118) ~[?:?]
	at java.base/java.lang.reflect.Method.invoke(Method.java:580) ~[?:?]
	at org.apache.jmeter.util.BeanShellInterpreter.bshInvoke(BeanShellInterpreter.java:162) ~[ApacheJMeter_core.jar:5.6.3]
	... 12 more
Caused by: bsh.EvalError: Sourced file: inline evaluation of: ``vars.get('PWD');'' Token Parsing Error: Lexical error at line 1, column 12.  Encountered: "W" (87), after : "\'P"
	at bsh.Interpreter.eval(Interpreter.java:710) ~[bsh-2.0b6.jar:2.0b6 2016-02-05 05:16:19]
	at bsh.Interpreter.eval(Interpreter.java:750) ~[bsh-2.0b6.jar:2.0b6 2016-02-05 05:16:19]
	at bsh.Interpreter.eval(Interpreter.java:739) ~[bsh-2.0b6.jar:2.0b6 2016-02-05 05:16:19]
	at java.base/jdk.internal.reflect.DirectMethodHandleAccessor.invoke(DirectMethodHandleAccessor.java:103) ~[?:?]
	at java.base/java.lang.reflect.Method.invoke(Method.java:580) ~[?:?]
	at org.apache.jmeter.util.BeanShellInterpreter.bshInvoke(BeanShellInterpreter.java:162) ~[ApacheJMeter_core.jar:5.6.3]
	... 12 more
Caused by: bsh.TokenMgrError: Lexical error at line 1, column 12.  Encountered: "W" (87), after : "\'P"
	at bsh.ParserTokenManager.getNextToken(ParserTokenManager.java:2130) ~[bsh-2.0b6.jar:2.0b6 2016-02-05 05:16:19]
	at bsh.Parser.jj_scan_token(Parser.java:5986) ~[bsh-2.0b6.jar:2.0b6 2016-02-05 05:16:19]
	at bsh.Parser.jj_3R_138(Parser.java:4702) ~[bsh-2.0b6.jar:2.0b6 2016-02-05 05:16:19]
	at bsh.Parser.jj_3R_129(Parser.java:4679) ~[bsh-2.0b6.jar:2.0b6 2016-02-05 05:16:19]
	at bsh.Parser.jj_3R_98(Parser.java:5046) ~[bsh-2.0b6.jar:2.0b6 2016-02-05 05:16:19]
	at bsh.Parser.jj_3R_57(Parser.java:5026) ~[bsh-2.0b6.jar:2.0b6 2016-02-05 05:16:19]
	at bsh.Parser.jj_3R_33(Parser.java:5103) ~[bsh-2.0b6.jar:2.0b6 2016-02-05 05:16:19]
	at bsh.Parser.jj_3R_107(Parser.java:4171) ~[bsh-2.0b6.jar:2.0b6 2016-02-05 05:16:19]
	at bsh.Parser.jj_3R_70(Parser.java:4235) ~[bsh-2.0b6.jar:2.0b6 2016-02-05 05:16:19]
	at bsh.Parser.jj_3R_39(Parser.java:4227) ~[bsh-2.0b6.jar:2.0b6 2016-02-05 05:16:19]
	at bsh.Parser.jj_3R_134(Parser.java:4285) ~[bsh-2.0b6.jar:2.0b6 2016-02-05 05:16:19]
	at bsh.Parser.jj_3R_106(Parser.java:4295) ~[bsh-2.0b6.jar:2.0b6 2016-02-05 05:16:19]
	at bsh.Parser.jj_3R_69(Parser.java:4309) ~[bsh-2.0b6.jar:2.0b6 2016-02-05 05:16:19]
	at bsh.Parser.jj_3R_37(Parser.java:5058) ~[bsh-2.0b6.jar:2.0b6 2016-02-05 05:16:19]
	at bsh.Parser.jj_3R_101(Parser.java:4965) ~[bsh-2.0b6.jar:2.0b6 2016-02-05 05:16:19]
	at bsh.Parser.jj_3R_57(Parser.java:5032) ~[bsh-2.0b6.jar:2.0b6 2016-02-05 05:16:19]
	at bsh.Parser.jj_3R_33(Parser.java:5103) ~[bsh-2.0b6.jar:2.0b6 2016-02-05 05:16:19]
	at bsh.Parser.jj_3_8(Parser.java:4154) ~[bsh-2.0b6.jar:2.0b6 2016-02-05 05:16:19]
	at bsh.Parser.jj_2_8(Parser.java:3758) ~[bsh-2.0b6.jar:2.0b6 2016-02-05 05:16:19]
	at bsh.Parser.Expression(Parser.java:1064) ~[bsh-2.0b6.jar:2.0b6 2016-02-05 05:16:19]
	at bsh.Parser.StatementExpression(Parser.java:2864) ~[bsh-2.0b6.jar:2.0b6 2016-02-05 05:16:19]
	at bsh.Parser.Statement(Parser.java:2698) ~[bsh-2.0b6.jar:2.0b6 2016-02-05 05:16:19]
	at bsh.Parser.BlockStatement(Parser.java:2819) ~[bsh-2.0b6.jar:2.0b6 2016-02-05 05:16:19]
	at bsh.Parser.Line(Parser.java:172) ~[bsh-2.0b6.jar:2.0b6 2016-02-05 05:16:19]
	at bsh.Interpreter.Line(Interpreter.java:1011) ~[bsh-2.0b6.jar:2.0b6 2016-02-05 05:16:19]
	at bsh.Interpreter.eval(Interpreter.java:641) ~[bsh-2.0b6.jar:2.0b6 2016-02-05 05:16:19]
	at bsh.Interpreter.eval(Interpreter.java:750) ~[bsh-2.0b6.jar:2.0b6 2016-02-05 05:16:19]
	at bsh.Interpreter.eval(Interpreter.java:739) ~[bsh-2.0b6.jar:2.0b6 2016-02-05 05:16:19]
	at java.base/jdk.internal.reflect.DirectMethodHandleAccessor.invoke(DirectMethodHandleAccessor.java:103) ~[?:?]
	at java.base/java.lang.reflect.Method.invoke(Method.java:580) ~[?:?]
	at org.apache.jmeter.util.BeanShellInterpreter.bshInvoke(BeanShellInterpreter.java:162) ~[ApacheJMeter_core.jar:5.6.3]
	... 12 more
2024-11-09 18:30:51,001 INFO o.a.j.p.j.s.J.Вывод результата: Файл успешно создан в рабочей директории: /home/evgen/Git_Project/Studing_Perfogmance_Testing/Homework/Apache_Jemetr/result_UC01A_HabrRegEx.txt
2024-11-09 18:30:51,001 INFO o.a.j.p.j.s.J.Вывод результата: Запись в файл завершена. Данные: 
1 : Содержание : 7786
2 : Документация и ссылки : 1100
3 : Основы синтаксиса : 9411
4 : Эксперименты в песочнице : 1419
5 : Регулярки в питоне : 1366
6 : Пример использования всех основных функций : 4600
7 : Написание и тестирование регулярных выражений : 410
8 : Задачи — 1 : 5559
9 : Скобочные группы (?:...) и перечисления | : 4022
10 : Задачи — 2 : 3517
11 : Группирующие скобки (...) и match-объекты в питоне : 6214
12 : Использование групп при заменах : 3550
13 : Задачи — 3 : 3869
14 : Шаблоны, соответствующие не конкретному тексту, а позиции : 7781
15 : Задачи — 4 : 538
16 : Post scriptum : 7792

2024-11-09 18:30:51,002 INFO o.a.j.t.JMeterThread: Thread is done: UC01A_HabrRegEx 1-1
2024-11-09 18:30:51,002 INFO o.a.j.t.JMeterThread: Thread finished: UC01A_HabrRegEx 1-1
2024-11-09 18:30:51,004 INFO o.a.j.e.StandardJMeterEngine: Notifying test listeners of end of test
2024-11-09 18:30:51,008 INFO o.a.j.r.Summariser: summary =      2 in 00:00:02 =    1.0/s Avg:   858 Min:   725 Max:   991 Err:     0 (0.00%)
