2024-11-04 18:17:08,467 INFO o.a.j.u.JMeterUtils: Setting Locale to en_EN
2024-11-04 18:17:08,489 INFO o.a.j.JMeter: Loading user properties from: /opt/jmeter/bin/user.properties
2024-11-04 18:17:08,489 INFO o.a.j.JMeter: Loading system properties from: /opt/jmeter/bin/system.properties
2024-11-04 18:17:08,496 INFO o.a.j.JMeter: Copyright (c) 1998-2024 The Apache Software Foundation
2024-11-04 18:17:08,496 INFO o.a.j.JMeter: Version 5.6.3
2024-11-04 18:17:08,496 INFO o.a.j.JMeter: java.version=21.0.4
2024-11-04 18:17:08,496 INFO o.a.j.JMeter: java.vm.name=OpenJDK 64-Bit Server VM
2024-11-04 18:17:08,496 INFO o.a.j.JMeter: os.name=Linux
2024-11-04 18:17:08,496 INFO o.a.j.JMeter: os.arch=amd64
2024-11-04 18:17:08,496 INFO o.a.j.JMeter: os.version=6.8.0-48-generic
2024-11-04 18:17:08,496 INFO o.a.j.JMeter: file.encoding=UTF-8
2024-11-04 18:17:08,497 INFO o.a.j.JMeter: java.awt.headless=null
2024-11-04 18:17:08,497 INFO o.a.j.JMeter: Max memory     =1073741824
2024-11-04 18:17:08,497 INFO o.a.j.JMeter: Available Processors =12
2024-11-04 18:17:08,508 INFO o.a.j.JMeter: Default Locale=English (EN)
2024-11-04 18:17:08,509 INFO o.a.j.JMeter: JMeter  Locale=English (EN)
2024-11-04 18:17:08,509 INFO o.a.j.JMeter: JMeterHome=/opt/jmeter
2024-11-04 18:17:08,509 INFO o.a.j.JMeter: user.dir  =/home/evgen/Git_Project/Studing_Perfogmance_Testing
2024-11-04 18:17:08,509 INFO o.a.j.JMeter: PWD       =/home/evgen/Git_Project/Studing_Perfogmance_Testing
2024-11-04 18:17:08,509 INFO o.a.j.JMeter: IP: 127.0.1.1 Name: evgendesktop FullName: evgendesktop
2024-11-04 18:17:08,525 INFO o.a.j.JMeter: Loaded icon properties from org/apache/jmeter/images/icon.properties
2024-11-04 18:17:08,785 INFO o.a.j.JMeterGuiLauncher: Setting LAF to: com.github.weisj.darklaf.DarkLaf:com.github.weisj.darklaf.theme.IntelliJTheme
2024-11-04 18:17:10,062 INFO o.a.j.r.ClassFinder: Will scan jar /opt/jmeter/lib/ext/jmeter-plugins-wsc-0.7.jar with filter ExtendsClassFilter [parents=[interface org.apache.jmeter.gui.action.Command], inner=false, contains=null, notContains=null]. Consider exposing JMeter plugins via META-INF/services, and add JMeter-Skip-Class-Scanning=true manifest attribute so JMeter can skip classfile scanning
2024-11-04 18:17:10,067 INFO o.a.j.r.ClassFinder: Will scan jar /opt/jmeter/lib/ext/jmeter-plugins-autostop-0.2.jar with filter ExtendsClassFilter [parents=[interface org.apache.jmeter.gui.action.Command], inner=false, contains=null, notContains=null]. Consider exposing JMeter plugins via META-INF/services, and add JMeter-Skip-Class-Scanning=true manifest attribute so JMeter can skip classfile scanning
2024-11-04 18:17:10,071 INFO o.a.j.r.ClassFinder: Will scan jar /opt/jmeter/lib/ext/jmeter-plugins-graphs-dist-2.0.jar with filter ExtendsClassFilter [parents=[interface org.apache.jmeter.gui.action.Command], inner=false, contains=null, notContains=null]. Consider exposing JMeter plugins via META-INF/services, and add JMeter-Skip-Class-Scanning=true manifest attribute so JMeter can skip classfile scanning
2024-11-04 18:17:10,076 INFO o.a.j.r.ClassFinder: Will scan jar /opt/jmeter/lib/ext/jmeter-plugins-manager-1.10.jar with filter ExtendsClassFilter [parents=[interface org.apache.jmeter.gui.action.Command], inner=false, contains=null, notContains=null]. Consider exposing JMeter plugins via META-INF/services, and add JMeter-Skip-Class-Scanning=true manifest attribute so JMeter can skip classfile scanning
2024-11-04 18:17:10,185 INFO o.a.j.r.ClassFinder: Will scan jar /opt/jmeter/lib/ext/jmeter-plugins-casutg-2.10.jar with filter ExtendsClassFilter [parents=[interface org.apache.jmeter.gui.action.Command], inner=false, contains=null, notContains=null]. Consider exposing JMeter plugins via META-INF/services, and add JMeter-Skip-Class-Scanning=true manifest attribute so JMeter can skip classfile scanning
2024-11-04 18:17:10,198 INFO o.a.j.r.ClassFinder: Will scan jar /opt/jmeter/lib/ext/jmeter-plugins-graphs-additional-2.0.jar with filter ExtendsClassFilter [parents=[interface org.apache.jmeter.gui.action.Command], inner=false, contains=null, notContains=null]. Consider exposing JMeter plugins via META-INF/services, and add JMeter-Skip-Class-Scanning=true manifest attribute so JMeter can skip classfile scanning
2024-11-04 18:17:10,201 INFO o.a.j.r.ClassFinder: Will scan jar /opt/jmeter/lib/ext/jmeter-plugins-graphs-basic-2.0.jar with filter ExtendsClassFilter [parents=[interface org.apache.jmeter.gui.action.Command], inner=false, contains=null, notContains=null]. Consider exposing JMeter plugins via META-INF/services, and add JMeter-Skip-Class-Scanning=true manifest attribute so JMeter can skip classfile scanning
2024-11-04 18:17:10,203 INFO o.a.j.r.ClassFinder: Will scan jar /opt/jmeter/lib/ext/jmeter-plugins-graphs-vs-2.0.jar with filter ExtendsClassFilter [parents=[interface org.apache.jmeter.gui.action.Command], inner=false, contains=null, notContains=null]. Consider exposing JMeter plugins via META-INF/services, and add JMeter-Skip-Class-Scanning=true manifest attribute so JMeter can skip classfile scanning
2024-11-04 18:17:10,205 INFO o.a.j.r.ClassFinder: Will scan jar /opt/jmeter/lib/ext/jmeter-plugins-ffw-2.0.jar with filter ExtendsClassFilter [parents=[interface org.apache.jmeter.gui.action.Command], inner=false, contains=null, notContains=null]. Consider exposing JMeter plugins via META-INF/services, and add JMeter-Skip-Class-Scanning=true manifest attribute so JMeter can skip classfile scanning
2024-11-04 18:17:10,206 INFO o.a.j.r.ClassFinder: Will scan jar /opt/jmeter/lib/ext/jmeter-plugins-random-csv-data-set-0.8.jar with filter ExtendsClassFilter [parents=[interface org.apache.jmeter.gui.action.Command], inner=false, contains=null, notContains=null]. Consider exposing JMeter plugins via META-INF/services, and add JMeter-Skip-Class-Scanning=true manifest attribute so JMeter can skip classfile scanning
2024-11-04 18:17:10,268 INFO o.a.j.r.ClassFinder: Will scan jar /opt/jmeter/lib/ext/jmeter-plugins-wsc-0.7.jar with filter ExtendsClassFilter [parents=[interface org.apache.jmeter.gui.plugin.MenuCreator], inner=false, contains=null, notContains=null]. Consider exposing JMeter plugins via META-INF/services, and add JMeter-Skip-Class-Scanning=true manifest attribute so JMeter can skip classfile scanning
2024-11-04 18:17:10,269 INFO o.a.j.r.ClassFinder: Will scan jar /opt/jmeter/lib/ext/jmeter-plugins-autostop-0.2.jar with filter ExtendsClassFilter [parents=[interface org.apache.jmeter.gui.plugin.MenuCreator], inner=false, contains=null, notContains=null]. Consider exposing JMeter plugins via META-INF/services, and add JMeter-Skip-Class-Scanning=true manifest attribute so JMeter can skip classfile scanning
2024-11-04 18:17:10,269 INFO o.a.j.r.ClassFinder: Will scan jar /opt/jmeter/lib/ext/jmeter-plugins-graphs-dist-2.0.jar with filter ExtendsClassFilter [parents=[interface org.apache.jmeter.gui.plugin.MenuCreator], inner=false, contains=null, notContains=null]. Consider exposing JMeter plugins via META-INF/services, and add JMeter-Skip-Class-Scanning=true manifest attribute so JMeter can skip classfile scanning
2024-11-04 18:17:10,270 INFO o.a.j.r.ClassFinder: Will scan jar /opt/jmeter/lib/ext/jmeter-plugins-manager-1.10.jar with filter ExtendsClassFilter [parents=[interface org.apache.jmeter.gui.plugin.MenuCreator], inner=false, contains=null, notContains=null]. Consider exposing JMeter plugins via META-INF/services, and add JMeter-Skip-Class-Scanning=true manifest attribute so JMeter can skip classfile scanning
2024-11-04 18:17:10,272 INFO o.a.j.r.ClassFinder: Will scan jar /opt/jmeter/lib/ext/jmeter-plugins-casutg-2.10.jar with filter ExtendsClassFilter [parents=[interface org.apache.jmeter.gui.plugin.MenuCreator], inner=false, contains=null, notContains=null]. Consider exposing JMeter plugins via META-INF/services, and add JMeter-Skip-Class-Scanning=true manifest attribute so JMeter can skip classfile scanning
2024-11-04 18:17:10,273 INFO o.a.j.r.ClassFinder: Will scan jar /opt/jmeter/lib/ext/jmeter-plugins-graphs-additional-2.0.jar with filter ExtendsClassFilter [parents=[interface org.apache.jmeter.gui.plugin.MenuCreator], inner=false, contains=null, notContains=null]. Consider exposing JMeter plugins via META-INF/services, and add JMeter-Skip-Class-Scanning=true manifest attribute so JMeter can skip classfile scanning
2024-11-04 18:17:10,274 INFO o.a.j.r.ClassFinder: Will scan jar /opt/jmeter/lib/ext/jmeter-plugins-graphs-basic-2.0.jar with filter ExtendsClassFilter [parents=[interface org.apache.jmeter.gui.plugin.MenuCreator], inner=false, contains=null, notContains=null]. Consider exposing JMeter plugins via META-INF/services, and add JMeter-Skip-Class-Scanning=true manifest attribute so JMeter can skip classfile scanning
2024-11-04 18:17:10,274 INFO o.a.j.r.ClassFinder: Will scan jar /opt/jmeter/lib/ext/jmeter-plugins-graphs-vs-2.0.jar with filter ExtendsClassFilter [parents=[interface org.apache.jmeter.gui.plugin.MenuCreator], inner=false, contains=null, notContains=null]. Consider exposing JMeter plugins via META-INF/services, and add JMeter-Skip-Class-Scanning=true manifest attribute so JMeter can skip classfile scanning
2024-11-04 18:17:10,275 INFO o.a.j.r.ClassFinder: Will scan jar /opt/jmeter/lib/ext/jmeter-plugins-ffw-2.0.jar with filter ExtendsClassFilter [parents=[interface org.apache.jmeter.gui.plugin.MenuCreator], inner=false, contains=null, notContains=null]. Consider exposing JMeter plugins via META-INF/services, and add JMeter-Skip-Class-Scanning=true manifest attribute so JMeter can skip classfile scanning
2024-11-04 18:17:10,275 INFO o.a.j.r.ClassFinder: Will scan jar /opt/jmeter/lib/ext/jmeter-plugins-random-csv-data-set-0.8.jar with filter ExtendsClassFilter [parents=[interface org.apache.jmeter.gui.plugin.MenuCreator], inner=false, contains=null, notContains=null]. Consider exposing JMeter plugins via META-INF/services, and add JMeter-Skip-Class-Scanning=true manifest attribute so JMeter can skip classfile scanning
2024-11-04 18:17:10,406 INFO o.j.r.JARSourceHTTP: Found cached repo
2024-11-04 18:17:10,689 INFO o.j.r.PluginManager: Plugins Status: [jpgc-graphs-basic=2.0, jpgc-graphs-additional=2.0, jpgc-autostop=0.2, jpgc-casutg=2.10, jpgc-graphs-dist=2.0, jpgc-ffw=2.0, jpgc-graphs-vs=2.0, jpgc-plugins-manager=1.10, bzm-random-csv=0.8, jpgc-wsc=0.7, jmeter-core=5.6.3, jmeter-ftp=5.6.3, jmeter-http=5.6.3, jmeter-jdbc=5.6.3, jmeter-jms=5.6.3, jmeter-junit=5.6.3, jmeter-java=5.6.3, jmeter-ldap=5.6.3, jmeter-mail=5.6.3, jmeter-mongodb=5.6.3, jmeter-native=5.6.3, jmeter-tcp=5.6.3, jmeter-components=5.6.3]
2024-11-04 18:17:19,406 INFO o.a.j.s.FileServer: Default base='/home/evgen/Git_Project/Studing_Perfogmance_Testing'
2024-11-04 18:17:19,410 INFO o.a.j.g.a.Load: Loading file: /home/evgen/Git_Project/Studing_Perfogmance_Testing/Homework/Apache_Jemetr/UC01A_HabrRegEx.jmx
2024-11-04 18:17:19,410 INFO o.a.j.s.FileServer: Set new base='/home/evgen/Git_Project/Studing_Perfogmance_Testing/Homework/Apache_Jemetr'
2024-11-04 18:17:19,663 INFO o.a.j.s.SaveService: Testplan (JMX) version: 2.2. Testlog (JTL) version: 2.2
2024-11-04 18:17:19,672 INFO o.a.j.s.SaveService: Using SaveService properties version 5.0
2024-11-04 18:17:19,674 INFO o.a.j.s.SaveService: Using SaveService properties file encoding UTF-8
2024-11-04 18:17:19,676 INFO o.a.j.s.SaveService: Loading file: /home/evgen/Git_Project/Studing_Perfogmance_Testing/Homework/Apache_Jemetr/UC01A_HabrRegEx.jmx
2024-11-04 18:17:19,787 INFO o.a.j.p.h.s.HTTPSamplerBase: Parser for text/html is org.apache.jmeter.protocol.http.parser.LagartoBasedHtmlParser
2024-11-04 18:17:19,787 INFO o.a.j.p.h.s.HTTPSamplerBase: Parser for application/xhtml+xml is org.apache.jmeter.protocol.http.parser.LagartoBasedHtmlParser
2024-11-04 18:17:19,787 INFO o.a.j.p.h.s.HTTPSamplerBase: Parser for application/xml is org.apache.jmeter.protocol.http.parser.LagartoBasedHtmlParser
2024-11-04 18:17:19,787 INFO o.a.j.p.h.s.HTTPSamplerBase: Parser for text/xml is org.apache.jmeter.protocol.http.parser.LagartoBasedHtmlParser
2024-11-04 18:17:19,787 INFO o.a.j.p.h.s.HTTPSamplerBase: Parser for text/vnd.wap.wml is org.apache.jmeter.protocol.http.parser.RegexpHTMLParser
2024-11-04 18:17:19,787 INFO o.a.j.p.h.s.HTTPSamplerBase: Parser for text/css is org.apache.jmeter.protocol.http.parser.CssParser
2024-11-04 18:17:19,864 INFO o.a.j.s.SampleResult: Note: Sample TimeStamps are START times
2024-11-04 18:17:19,864 INFO o.a.j.s.SampleResult: sampleresult.default.encoding is set to UTF-8
2024-11-04 18:17:19,864 INFO o.a.j.s.SampleResult: sampleresult.useNanoTime=true
2024-11-04 18:17:19,864 INFO o.a.j.s.SampleResult: sampleresult.nanoThreadSleep=5000
2024-11-04 18:17:20,006 INFO o.a.j.r.ClassFinder: Will scan jar /opt/jmeter/lib/ext/jmeter-plugins-wsc-0.7.jar with filter ExtendsClassFilter [parents=[interface org.apache.jmeter.visualizers.ResultRenderer], inner=false, contains=null, notContains=null]. Consider exposing JMeter plugins via META-INF/services, and add JMeter-Skip-Class-Scanning=true manifest attribute so JMeter can skip classfile scanning
2024-11-04 18:17:20,006 INFO o.a.j.r.ClassFinder: Will scan jar /opt/jmeter/lib/ext/jmeter-plugins-autostop-0.2.jar with filter ExtendsClassFilter [parents=[interface org.apache.jmeter.visualizers.ResultRenderer], inner=false, contains=null, notContains=null]. Consider exposing JMeter plugins via META-INF/services, and add JMeter-Skip-Class-Scanning=true manifest attribute so JMeter can skip classfile scanning
2024-11-04 18:17:20,007 INFO o.a.j.r.ClassFinder: Will scan jar /opt/jmeter/lib/ext/jmeter-plugins-graphs-dist-2.0.jar with filter ExtendsClassFilter [parents=[interface org.apache.jmeter.visualizers.ResultRenderer], inner=false, contains=null, notContains=null]. Consider exposing JMeter plugins via META-INF/services, and add JMeter-Skip-Class-Scanning=true manifest attribute so JMeter can skip classfile scanning
2024-11-04 18:17:20,007 INFO o.a.j.r.ClassFinder: Will scan jar /opt/jmeter/lib/ext/jmeter-plugins-manager-1.10.jar with filter ExtendsClassFilter [parents=[interface org.apache.jmeter.visualizers.ResultRenderer], inner=false, contains=null, notContains=null]. Consider exposing JMeter plugins via META-INF/services, and add JMeter-Skip-Class-Scanning=true manifest attribute so JMeter can skip classfile scanning
2024-11-04 18:17:20,010 INFO o.a.j.r.ClassFinder: Will scan jar /opt/jmeter/lib/ext/jmeter-plugins-casutg-2.10.jar with filter ExtendsClassFilter [parents=[interface org.apache.jmeter.visualizers.ResultRenderer], inner=false, contains=null, notContains=null]. Consider exposing JMeter plugins via META-INF/services, and add JMeter-Skip-Class-Scanning=true manifest attribute so JMeter can skip classfile scanning
2024-11-04 18:17:20,012 INFO o.a.j.r.ClassFinder: Will scan jar /opt/jmeter/lib/ext/jmeter-plugins-graphs-additional-2.0.jar with filter ExtendsClassFilter [parents=[interface org.apache.jmeter.visualizers.ResultRenderer], inner=false, contains=null, notContains=null]. Consider exposing JMeter plugins via META-INF/services, and add JMeter-Skip-Class-Scanning=true manifest attribute so JMeter can skip classfile scanning
2024-11-04 18:17:20,013 INFO o.a.j.r.ClassFinder: Will scan jar /opt/jmeter/lib/ext/jmeter-plugins-graphs-basic-2.0.jar with filter ExtendsClassFilter [parents=[interface org.apache.jmeter.visualizers.ResultRenderer], inner=false, contains=null, notContains=null]. Consider exposing JMeter plugins via META-INF/services, and add JMeter-Skip-Class-Scanning=true manifest attribute so JMeter can skip classfile scanning
2024-11-04 18:17:20,014 INFO o.a.j.r.ClassFinder: Will scan jar /opt/jmeter/lib/ext/jmeter-plugins-graphs-vs-2.0.jar with filter ExtendsClassFilter [parents=[interface org.apache.jmeter.visualizers.ResultRenderer], inner=false, contains=null, notContains=null]. Consider exposing JMeter plugins via META-INF/services, and add JMeter-Skip-Class-Scanning=true manifest attribute so JMeter can skip classfile scanning
2024-11-04 18:17:20,014 INFO o.a.j.r.ClassFinder: Will scan jar /opt/jmeter/lib/ext/jmeter-plugins-ffw-2.0.jar with filter ExtendsClassFilter [parents=[interface org.apache.jmeter.visualizers.ResultRenderer], inner=false, contains=null, notContains=null]. Consider exposing JMeter plugins via META-INF/services, and add JMeter-Skip-Class-Scanning=true manifest attribute so JMeter can skip classfile scanning
2024-11-04 18:17:20,015 INFO o.a.j.r.ClassFinder: Will scan jar /opt/jmeter/lib/ext/jmeter-plugins-random-csv-data-set-0.8.jar with filter ExtendsClassFilter [parents=[interface org.apache.jmeter.visualizers.ResultRenderer], inner=false, contains=null, notContains=null]. Consider exposing JMeter plugins via META-INF/services, and add JMeter-Skip-Class-Scanning=true manifest attribute so JMeter can skip classfile scanning
2024-11-04 18:17:20,046 INFO o.a.j.r.ClassFinder: Will scan jar /opt/jmeter/lib/ext/jmeter-plugins-wsc-0.7.jar with filter ExtendsClassFilter [parents=[interface org.apache.jmeter.visualizers.RequestView], inner=false, contains=null, notContains=null]. Consider exposing JMeter plugins via META-INF/services, and add JMeter-Skip-Class-Scanning=true manifest attribute so JMeter can skip classfile scanning
2024-11-04 18:17:20,046 INFO o.a.j.r.ClassFinder: Will scan jar /opt/jmeter/lib/ext/jmeter-plugins-autostop-0.2.jar with filter ExtendsClassFilter [parents=[interface org.apache.jmeter.visualizers.RequestView], inner=false, contains=null, notContains=null]. Consider exposing JMeter plugins via META-INF/services, and add JMeter-Skip-Class-Scanning=true manifest attribute so JMeter can skip classfile scanning
2024-11-04 18:17:20,047 INFO o.a.j.r.ClassFinder: Will scan jar /opt/jmeter/lib/ext/jmeter-plugins-graphs-dist-2.0.jar with filter ExtendsClassFilter [parents=[interface org.apache.jmeter.visualizers.RequestView], inner=false, contains=null, notContains=null]. Consider exposing JMeter plugins via META-INF/services, and add JMeter-Skip-Class-Scanning=true manifest attribute so JMeter can skip classfile scanning
2024-11-04 18:17:20,047 INFO o.a.j.r.ClassFinder: Will scan jar /opt/jmeter/lib/ext/jmeter-plugins-manager-1.10.jar with filter ExtendsClassFilter [parents=[interface org.apache.jmeter.visualizers.RequestView], inner=false, contains=null, notContains=null]. Consider exposing JMeter plugins via META-INF/services, and add JMeter-Skip-Class-Scanning=true manifest attribute so JMeter can skip classfile scanning
2024-11-04 18:17:20,050 INFO o.a.j.r.ClassFinder: Will scan jar /opt/jmeter/lib/ext/jmeter-plugins-casutg-2.10.jar with filter ExtendsClassFilter [parents=[interface org.apache.jmeter.visualizers.RequestView], inner=false, contains=null, notContains=null]. Consider exposing JMeter plugins via META-INF/services, and add JMeter-Skip-Class-Scanning=true manifest attribute so JMeter can skip classfile scanning
2024-11-04 18:17:20,052 INFO o.a.j.r.ClassFinder: Will scan jar /opt/jmeter/lib/ext/jmeter-plugins-graphs-additional-2.0.jar with filter ExtendsClassFilter [parents=[interface org.apache.jmeter.visualizers.RequestView], inner=false, contains=null, notContains=null]. Consider exposing JMeter plugins via META-INF/services, and add JMeter-Skip-Class-Scanning=true manifest attribute so JMeter can skip classfile scanning
2024-11-04 18:17:20,052 INFO o.a.j.r.ClassFinder: Will scan jar /opt/jmeter/lib/ext/jmeter-plugins-graphs-basic-2.0.jar with filter ExtendsClassFilter [parents=[interface org.apache.jmeter.visualizers.RequestView], inner=false, contains=null, notContains=null]. Consider exposing JMeter plugins via META-INF/services, and add JMeter-Skip-Class-Scanning=true manifest attribute so JMeter can skip classfile scanning
2024-11-04 18:17:20,053 INFO o.a.j.r.ClassFinder: Will scan jar /opt/jmeter/lib/ext/jmeter-plugins-graphs-vs-2.0.jar with filter ExtendsClassFilter [parents=[interface org.apache.jmeter.visualizers.RequestView], inner=false, contains=null, notContains=null]. Consider exposing JMeter plugins via META-INF/services, and add JMeter-Skip-Class-Scanning=true manifest attribute so JMeter can skip classfile scanning
2024-11-04 18:17:20,053 INFO o.a.j.r.ClassFinder: Will scan jar /opt/jmeter/lib/ext/jmeter-plugins-ffw-2.0.jar with filter ExtendsClassFilter [parents=[interface org.apache.jmeter.visualizers.RequestView], inner=false, contains=null, notContains=null]. Consider exposing JMeter plugins via META-INF/services, and add JMeter-Skip-Class-Scanning=true manifest attribute so JMeter can skip classfile scanning
2024-11-04 18:17:20,054 INFO o.a.j.r.ClassFinder: Will scan jar /opt/jmeter/lib/ext/jmeter-plugins-random-csv-data-set-0.8.jar with filter ExtendsClassFilter [parents=[interface org.apache.jmeter.visualizers.RequestView], inner=false, contains=null, notContains=null]. Consider exposing JMeter plugins via META-INF/services, and add JMeter-Skip-Class-Scanning=true manifest attribute so JMeter can skip classfile scanning
2024-11-04 18:17:20,534 INFO o.a.j.s.FileServer: Set new base='/home/evgen/Git_Project/Studing_Perfogmance_Testing/Homework/Apache_Jemetr'
2024-11-04 18:17:31,048 INFO o.a.j.e.StandardJMeterEngine: Running the test!
2024-11-04 18:17:31,049 INFO o.a.j.s.SampleEvent: List of sample_variables: []
2024-11-04 18:17:31,050 INFO o.a.j.s.SampleEvent: List of sample_variables: []
2024-11-04 18:17:31,051 INFO o.a.j.e.u.CompoundVariable: Note: Function class names must contain the string: '.functions.'
2024-11-04 18:17:31,051 INFO o.a.j.e.u.CompoundVariable: Note: Function class names must not contain the string: '.gui.'
2024-11-04 18:17:31,083 INFO o.a.j.r.ClassFinder: Will scan jar /opt/jmeter/lib/ext/jmeter-plugins-wsc-0.7.jar with filter ExtendsClassFilter [parents=[interface org.apache.jmeter.functions.Function], inner=false, contains=null, notContains=null]. Consider exposing JMeter plugins via META-INF/services, and add JMeter-Skip-Class-Scanning=true manifest attribute so JMeter can skip classfile scanning
2024-11-04 18:17:31,083 INFO o.a.j.r.ClassFinder: Will scan jar /opt/jmeter/lib/ext/jmeter-plugins-autostop-0.2.jar with filter ExtendsClassFilter [parents=[interface org.apache.jmeter.functions.Function], inner=false, contains=null, notContains=null]. Consider exposing JMeter plugins via META-INF/services, and add JMeter-Skip-Class-Scanning=true manifest attribute so JMeter can skip classfile scanning
2024-11-04 18:17:31,084 INFO o.a.j.r.ClassFinder: Will scan jar /opt/jmeter/lib/ext/jmeter-plugins-graphs-dist-2.0.jar with filter ExtendsClassFilter [parents=[interface org.apache.jmeter.functions.Function], inner=false, contains=null, notContains=null]. Consider exposing JMeter plugins via META-INF/services, and add JMeter-Skip-Class-Scanning=true manifest attribute so JMeter can skip classfile scanning
2024-11-04 18:17:31,084 INFO o.a.j.r.ClassFinder: Will scan jar /opt/jmeter/lib/ext/jmeter-plugins-manager-1.10.jar with filter ExtendsClassFilter [parents=[interface org.apache.jmeter.functions.Function], inner=false, contains=null, notContains=null]. Consider exposing JMeter plugins via META-INF/services, and add JMeter-Skip-Class-Scanning=true manifest attribute so JMeter can skip classfile scanning
2024-11-04 18:17:31,087 INFO o.a.j.r.ClassFinder: Will scan jar /opt/jmeter/lib/ext/jmeter-plugins-casutg-2.10.jar with filter ExtendsClassFilter [parents=[interface org.apache.jmeter.functions.Function], inner=false, contains=null, notContains=null]. Consider exposing JMeter plugins via META-INF/services, and add JMeter-Skip-Class-Scanning=true manifest attribute so JMeter can skip classfile scanning
2024-11-04 18:17:31,089 INFO o.a.j.r.ClassFinder: Will scan jar /opt/jmeter/lib/ext/jmeter-plugins-graphs-additional-2.0.jar with filter ExtendsClassFilter [parents=[interface org.apache.jmeter.functions.Function], inner=false, contains=null, notContains=null]. Consider exposing JMeter plugins via META-INF/services, and add JMeter-Skip-Class-Scanning=true manifest attribute so JMeter can skip classfile scanning
2024-11-04 18:17:31,090 INFO o.a.j.r.ClassFinder: Will scan jar /opt/jmeter/lib/ext/jmeter-plugins-graphs-basic-2.0.jar with filter ExtendsClassFilter [parents=[interface org.apache.jmeter.functions.Function], inner=false, contains=null, notContains=null]. Consider exposing JMeter plugins via META-INF/services, and add JMeter-Skip-Class-Scanning=true manifest attribute so JMeter can skip classfile scanning
2024-11-04 18:17:31,090 INFO o.a.j.r.ClassFinder: Will scan jar /opt/jmeter/lib/ext/jmeter-plugins-graphs-vs-2.0.jar with filter ExtendsClassFilter [parents=[interface org.apache.jmeter.functions.Function], inner=false, contains=null, notContains=null]. Consider exposing JMeter plugins via META-INF/services, and add JMeter-Skip-Class-Scanning=true manifest attribute so JMeter can skip classfile scanning
2024-11-04 18:17:31,090 INFO o.a.j.r.ClassFinder: Will scan jar /opt/jmeter/lib/ext/jmeter-plugins-ffw-2.0.jar with filter ExtendsClassFilter [parents=[interface org.apache.jmeter.functions.Function], inner=false, contains=null, notContains=null]. Consider exposing JMeter plugins via META-INF/services, and add JMeter-Skip-Class-Scanning=true manifest attribute so JMeter can skip classfile scanning
2024-11-04 18:17:31,091 INFO o.a.j.r.ClassFinder: Will scan jar /opt/jmeter/lib/ext/jmeter-plugins-random-csv-data-set-0.8.jar with filter ExtendsClassFilter [parents=[interface org.apache.jmeter.functions.Function], inner=false, contains=null, notContains=null]. Consider exposing JMeter plugins via META-INF/services, and add JMeter-Skip-Class-Scanning=true manifest attribute so JMeter can skip classfile scanning
2024-11-04 18:17:31,138 ERROR o.a.j.u.BeanShellInterpreter: Error invoking bsh method: eval	Sourced file: inline evaluation of: ``vars.get('PWD');'' Token Parsing Error: Lexical error at line 1, column 12.  Encountered: "W" (87), after : "\'P"
2024-11-04 18:17:31,138 WARN o.a.j.f.BeanShell: Error running BSH script
org.apache.jorphan.util.JMeterException: Error invoking bsh method: eval	Sourced file: inline evaluation of: ``vars.get('PWD');'' Token Parsing Error: Lexical error at line 1, column 12.  Encountered: "W" (87), after : "\'P"
	at org.apache.jmeter.util.BeanShellInterpreter.bshInvoke(BeanShellInterpreter.java:179) ~[ApacheJMeter_core.jar:5.6.3]
	at org.apache.jmeter.util.BeanShellInterpreter.eval(BeanShellInterpreter.java:185) ~[ApacheJMeter_core.jar:5.6.3]
	at org.apache.jmeter.functions.BeanShell.execute(BeanShell.java:102) ~[ApacheJMeter_functions.jar:5.6.3]
	at org.apache.jmeter.engine.util.CompoundVariable.execute(CompoundVariable.java:139) ~[ApacheJMeter_core.jar:5.6.3]
	at org.apache.jmeter.engine.util.CompoundVariable.execute(CompoundVariable.java:114) ~[ApacheJMeter_core.jar:5.6.3]
	at org.apache.jmeter.testelement.property.FunctionProperty.getStringValue(FunctionProperty.java:104) ~[ApacheJMeter_core.jar:5.6.3]
	at org.apache.jmeter.testbeans.TestBeanHelper.unwrapProperty(TestBeanHelper.java:196) ~[ApacheJMeter_core.jar:5.6.3]
	at org.apache.jmeter.testbeans.TestBeanHelper.prepare(TestBeanHelper.java:143) ~[ApacheJMeter_core.jar:5.6.3]
	at org.apache.jmeter.engine.StandardJMeterEngine.notifyTestListenersOfStart(StandardJMeterEngine.java:244) ~[ApacheJMeter_core.jar:5.6.3]
	at org.apache.jmeter.engine.StandardJMeterEngine.run(StandardJMeterEngine.java:432) ~[ApacheJMeter_core.jar:5.6.3]
	at java.base/java.util.concurrent.Executors$RunnableAdapter.call(Executors.java:572) ~[?:?]
	at java.base/java.util.concurrent.FutureTask.run(FutureTask.java:317) ~[?:?]
	at java.base/java.util.concurrent.ThreadPoolExecutor.runWorker(ThreadPoolExecutor.java:1144) ~[?:?]
	at java.base/java.util.concurrent.ThreadPoolExecutor$Worker.run(ThreadPoolExecutor.java:642) ~[?:?]
	at java.base/java.lang.Thread.run(Thread.java:1583) [?:?]
Caused by: java.lang.reflect.InvocationTargetException
	at java.base/jdk.internal.reflect.DirectMethodHandleAccessor.invoke(DirectMethodHandleAccessor.java:118) ~[?:?]
	at java.base/java.lang.reflect.Method.invoke(Method.java:580) ~[?:?]
	at org.apache.jmeter.util.BeanShellInterpreter.bshInvoke(BeanShellInterpreter.java:162) ~[ApacheJMeter_core.jar:5.6.3]
	... 14 more
Caused by: bsh.EvalError: Sourced file: inline evaluation of: ``vars.get('PWD');'' Token Parsing Error: Lexical error at line 1, column 12.  Encountered: "W" (87), after : "\'P"
	at bsh.Interpreter.eval(Interpreter.java:710) ~[bsh-2.0b6.jar:2.0b6 2016-02-05 05:16:19]
	at bsh.Interpreter.eval(Interpreter.java:750) ~[bsh-2.0b6.jar:2.0b6 2016-02-05 05:16:19]
	at bsh.Interpreter.eval(Interpreter.java:739) ~[bsh-2.0b6.jar:2.0b6 2016-02-05 05:16:19]
	at java.base/jdk.internal.reflect.DirectMethodHandleAccessor.invoke(DirectMethodHandleAccessor.java:103) ~[?:?]
	at java.base/java.lang.reflect.Method.invoke(Method.java:580) ~[?:?]
	at org.apache.jmeter.util.BeanShellInterpreter.bshInvoke(BeanShellInterpreter.java:162) ~[ApacheJMeter_core.jar:5.6.3]
	... 14 more
Caused by: bsh.TokenMgrError: Lexical error at line 1, column 12.  Encountered: "W" (87), after : "\'P"
	at bsh.ParserTokenManager.getNextToken(ParserTokenManager.java:2130) ~[bsh-2.0b6.jar:2.0b6 2016-02-05 05:16:19]
	at bsh.Parser.jj_scan_token(Parser.java:5986) ~[bsh-2.0b6.jar:2.0b6 2016-02-05 05:16:19]
	at bsh.Parser.jj_3R_138(Parser.java:4702) ~[bsh-2.0b6.jar:2.0b6 2016-02-05 05:16:19]
	at bsh.Parser.jj_3R_129(Parser.java:4679) ~[bsh-2.0b6.jar:2.0b6 2016-02-05 05:16:19]
	at bsh.Parser.jj_3R_98(Parser.java:5046) ~[bsh-2.0b6.jar:2.0b6 2016-02-05 05:16:19]
	at bsh.Parser.jj_3R_57(Parser.java:5026) ~[bsh-2.0b6.jar:2.0b6 2016-02-05 05:16:19]
	at bsh.Parser.jj_3R_33(Parser.java:5103) ~[bsh-2.0b6.jar:2.0b6 2016-02-05 05:16:19]
	at bsh.Parser.jj_3R_107(Parser.java:4171) ~[bsh-2.0b6.jar:2.0b6 2016-02-05 05:16:19]
	at bsh.Parser.jj_3R_70(Parser.java:4235) ~[bsh-2.0b6.jar:2.0b6 2016-02-05 05:16:19]
	at bsh.Parser.jj_3R_39(Parser.java:4227) ~[bsh-2.0b6.jar:2.0b6 2016-02-05 05:16:19]
	at bsh.Parser.jj_3R_134(Parser.java:4285) ~[bsh-2.0b6.jar:2.0b6 2016-02-05 05:16:19]
	at bsh.Parser.jj_3R_106(Parser.java:4295) ~[bsh-2.0b6.jar:2.0b6 2016-02-05 05:16:19]
	at bsh.Parser.jj_3R_69(Parser.java:4309) ~[bsh-2.0b6.jar:2.0b6 2016-02-05 05:16:19]
	at bsh.Parser.jj_3R_37(Parser.java:5058) ~[bsh-2.0b6.jar:2.0b6 2016-02-05 05:16:19]
	at bsh.Parser.jj_3R_101(Parser.java:4965) ~[bsh-2.0b6.jar:2.0b6 2016-02-05 05:16:19]
	at bsh.Parser.jj_3R_57(Parser.java:5032) ~[bsh-2.0b6.jar:2.0b6 2016-02-05 05:16:19]
	at bsh.Parser.jj_3R_33(Parser.java:5103) ~[bsh-2.0b6.jar:2.0b6 2016-02-05 05:16:19]
	at bsh.Parser.jj_3_8(Parser.java:4154) ~[bsh-2.0b6.jar:2.0b6 2016-02-05 05:16:19]
	at bsh.Parser.jj_2_8(Parser.java:3758) ~[bsh-2.0b6.jar:2.0b6 2016-02-05 05:16:19]
	at bsh.Parser.Expression(Parser.java:1064) ~[bsh-2.0b6.jar:2.0b6 2016-02-05 05:16:19]
	at bsh.Parser.StatementExpression(Parser.java:2864) ~[bsh-2.0b6.jar:2.0b6 2016-02-05 05:16:19]
	at bsh.Parser.Statement(Parser.java:2698) ~[bsh-2.0b6.jar:2.0b6 2016-02-05 05:16:19]
	at bsh.Parser.BlockStatement(Parser.java:2819) ~[bsh-2.0b6.jar:2.0b6 2016-02-05 05:16:19]
	at bsh.Parser.Line(Parser.java:172) ~[bsh-2.0b6.jar:2.0b6 2016-02-05 05:16:19]
	at bsh.Interpreter.Line(Interpreter.java:1011) ~[bsh-2.0b6.jar:2.0b6 2016-02-05 05:16:19]
	at bsh.Interpreter.eval(Interpreter.java:641) ~[bsh-2.0b6.jar:2.0b6 2016-02-05 05:16:19]
	at bsh.Interpreter.eval(Interpreter.java:750) ~[bsh-2.0b6.jar:2.0b6 2016-02-05 05:16:19]
	at bsh.Interpreter.eval(Interpreter.java:739) ~[bsh-2.0b6.jar:2.0b6 2016-02-05 05:16:19]
	at java.base/jdk.internal.reflect.DirectMethodHandleAccessor.invoke(DirectMethodHandleAccessor.java:103) ~[?:?]
	at java.base/java.lang.reflect.Method.invoke(Method.java:580) ~[?:?]
	at org.apache.jmeter.util.BeanShellInterpreter.bshInvoke(BeanShellInterpreter.java:162) ~[ApacheJMeter_core.jar:5.6.3]
	... 14 more
2024-11-04 18:17:31,144 INFO o.a.j.g.u.JMeterMenuBar: setRunning(true, *local*)
2024-11-04 18:17:31,200 INFO o.a.j.e.StandardJMeterEngine: Starting ThreadGroup: 1 : UC01A_HabrRegEx
2024-11-04 18:17:31,201 INFO o.a.j.e.StandardJMeterEngine: Starting 1 threads for group UC01A_HabrRegEx.
2024-11-04 18:17:31,201 INFO o.a.j.e.StandardJMeterEngine: Thread will continue on error
2024-11-04 18:17:31,201 INFO o.a.j.t.ThreadGroup: Starting thread group... number=1 threads=1 ramp-up=1 delayedStart=false
2024-11-04 18:17:31,204 INFO o.a.j.t.ThreadGroup: Started thread group number 1
2024-11-04 18:17:31,205 INFO o.a.j.e.StandardJMeterEngine: All thread groups have been started
2024-11-04 18:17:31,205 INFO o.a.j.t.JMeterThread: Thread started: UC01A_HabrRegEx 1-1
2024-11-04 18:17:31,214 INFO o.a.j.p.h.s.HTTPHCAbstractImpl: Local host = evgendesktop
2024-11-04 18:17:31,223 INFO o.a.j.p.h.s.HTTPHC4Impl: HTTP request retry count = 0
2024-11-04 18:17:31,287 INFO o.a.j.p.h.s.h.LazyLayeredConnectionSocketFactory: Setting up HTTPS TrustAll Socket Factory
2024-11-04 18:17:31,289 INFO o.a.j.u.JsseSSLManager: Using default SSL protocol: TLS
2024-11-04 18:17:31,289 INFO o.a.j.u.JsseSSLManager: SSL session context: per-thread
2024-11-04 18:17:31,306 INFO o.a.j.u.SSLManager: JmeterKeyStore Location:  type JKS
2024-11-04 18:17:31,307 INFO o.a.j.u.SSLManager: KeyStore created OK
2024-11-04 18:17:31,307 WARN o.a.j.u.SSLManager: Keystore file not found, loading empty keystore
2024-11-04 18:17:32,474 ERROR o.a.j.u.BeanShellInterpreter: Error invoking bsh method: eval	Sourced file: inline evaluation of: ``vars.get('PWD');'' Token Parsing Error: Lexical error at line 1, column 12.  Encountered: "W" (87), after : "\'P"
2024-11-04 18:17:32,474 WARN o.a.j.f.BeanShell: Error running BSH script
org.apache.jorphan.util.JMeterException: Error invoking bsh method: eval	Sourced file: inline evaluation of: ``vars.get('PWD');'' Token Parsing Error: Lexical error at line 1, column 12.  Encountered: "W" (87), after : "\'P"
	at org.apache.jmeter.util.BeanShellInterpreter.bshInvoke(BeanShellInterpreter.java:179) ~[ApacheJMeter_core.jar:5.6.3]
	at org.apache.jmeter.util.BeanShellInterpreter.eval(BeanShellInterpreter.java:185) ~[ApacheJMeter_core.jar:5.6.3]
	at org.apache.jmeter.functions.BeanShell.execute(BeanShell.java:102) ~[ApacheJMeter_functions.jar:5.6.3]
	at org.apache.jmeter.engine.util.CompoundVariable.execute(CompoundVariable.java:139) ~[ApacheJMeter_core.jar:5.6.3]
	at org.apache.jmeter.engine.util.CompoundVariable.execute(CompoundVariable.java:114) ~[ApacheJMeter_core.jar:5.6.3]
	at org.apache.jmeter.testelement.property.FunctionProperty.getStringValue(FunctionProperty.java:104) ~[ApacheJMeter_core.jar:5.6.3]
	at org.apache.jmeter.testbeans.TestBeanHelper.unwrapProperty(TestBeanHelper.java:196) ~[ApacheJMeter_core.jar:5.6.3]
	at org.apache.jmeter.testbeans.TestBeanHelper.prepare(TestBeanHelper.java:143) ~[ApacheJMeter_core.jar:5.6.3]
	at org.apache.jmeter.threads.JMeterThread.doSampling(JMeterThread.java:638) ~[ApacheJMeter_core.jar:5.6.3]
	at org.apache.jmeter.threads.JMeterThread.executeSamplePackage(JMeterThread.java:570) ~[ApacheJMeter_core.jar:5.6.3]
	at org.apache.jmeter.threads.JMeterThread.processSampler(JMeterThread.java:501) ~[ApacheJMeter_core.jar:5.6.3]
	at org.apache.jmeter.threads.JMeterThread.run(JMeterThread.java:268) ~[ApacheJMeter_core.jar:5.6.3]
	at java.base/java.lang.Thread.run(Thread.java:1583) [?:?]
Caused by: java.lang.reflect.InvocationTargetException
	at java.base/jdk.internal.reflect.DirectMethodHandleAccessor.invoke(DirectMethodHandleAccessor.java:118) ~[?:?]
	at java.base/java.lang.reflect.Method.invoke(Method.java:580) ~[?:?]
	at org.apache.jmeter.util.BeanShellInterpreter.bshInvoke(BeanShellInterpreter.java:162) ~[ApacheJMeter_core.jar:5.6.3]
	... 12 more
Caused by: bsh.EvalError: Sourced file: inline evaluation of: ``vars.get('PWD');'' Token Parsing Error: Lexical error at line 1, column 12.  Encountered: "W" (87), after : "\'P"
	at bsh.Interpreter.eval(Interpreter.java:710) ~[bsh-2.0b6.jar:2.0b6 2016-02-05 05:16:19]
	at bsh.Interpreter.eval(Interpreter.java:750) ~[bsh-2.0b6.jar:2.0b6 2016-02-05 05:16:19]
	at bsh.Interpreter.eval(Interpreter.java:739) ~[bsh-2.0b6.jar:2.0b6 2016-02-05 05:16:19]
	at java.base/jdk.internal.reflect.DirectMethodHandleAccessor.invoke(DirectMethodHandleAccessor.java:103) ~[?:?]
	at java.base/java.lang.reflect.Method.invoke(Method.java:580) ~[?:?]
	at org.apache.jmeter.util.BeanShellInterpreter.bshInvoke(BeanShellInterpreter.java:162) ~[ApacheJMeter_core.jar:5.6.3]
	... 12 more
Caused by: bsh.TokenMgrError: Lexical error at line 1, column 12.  Encountered: "W" (87), after : "\'P"
	at bsh.ParserTokenManager.getNextToken(ParserTokenManager.java:2130) ~[bsh-2.0b6.jar:2.0b6 2016-02-05 05:16:19]
	at bsh.Parser.jj_scan_token(Parser.java:5986) ~[bsh-2.0b6.jar:2.0b6 2016-02-05 05:16:19]
	at bsh.Parser.jj_3R_138(Parser.java:4702) ~[bsh-2.0b6.jar:2.0b6 2016-02-05 05:16:19]
	at bsh.Parser.jj_3R_129(Parser.java:4679) ~[bsh-2.0b6.jar:2.0b6 2016-02-05 05:16:19]
	at bsh.Parser.jj_3R_98(Parser.java:5046) ~[bsh-2.0b6.jar:2.0b6 2016-02-05 05:16:19]
	at bsh.Parser.jj_3R_57(Parser.java:5026) ~[bsh-2.0b6.jar:2.0b6 2016-02-05 05:16:19]
	at bsh.Parser.jj_3R_33(Parser.java:5103) ~[bsh-2.0b6.jar:2.0b6 2016-02-05 05:16:19]
	at bsh.Parser.jj_3R_107(Parser.java:4171) ~[bsh-2.0b6.jar:2.0b6 2016-02-05 05:16:19]
	at bsh.Parser.jj_3R_70(Parser.java:4235) ~[bsh-2.0b6.jar:2.0b6 2016-02-05 05:16:19]
	at bsh.Parser.jj_3R_39(Parser.java:4227) ~[bsh-2.0b6.jar:2.0b6 2016-02-05 05:16:19]
	at bsh.Parser.jj_3R_134(Parser.java:4285) ~[bsh-2.0b6.jar:2.0b6 2016-02-05 05:16:19]
	at bsh.Parser.jj_3R_106(Parser.java:4295) ~[bsh-2.0b6.jar:2.0b6 2016-02-05 05:16:19]
	at bsh.Parser.jj_3R_69(Parser.java:4309) ~[bsh-2.0b6.jar:2.0b6 2016-02-05 05:16:19]
	at bsh.Parser.jj_3R_37(Parser.java:5058) ~[bsh-2.0b6.jar:2.0b6 2016-02-05 05:16:19]
	at bsh.Parser.jj_3R_101(Parser.java:4965) ~[bsh-2.0b6.jar:2.0b6 2016-02-05 05:16:19]
	at bsh.Parser.jj_3R_57(Parser.java:5032) ~[bsh-2.0b6.jar:2.0b6 2016-02-05 05:16:19]
	at bsh.Parser.jj_3R_33(Parser.java:5103) ~[bsh-2.0b6.jar:2.0b6 2016-02-05 05:16:19]
	at bsh.Parser.jj_3_8(Parser.java:4154) ~[bsh-2.0b6.jar:2.0b6 2016-02-05 05:16:19]
	at bsh.Parser.jj_2_8(Parser.java:3758) ~[bsh-2.0b6.jar:2.0b6 2016-02-05 05:16:19]
	at bsh.Parser.Expression(Parser.java:1064) ~[bsh-2.0b6.jar:2.0b6 2016-02-05 05:16:19]
	at bsh.Parser.StatementExpression(Parser.java:2864) ~[bsh-2.0b6.jar:2.0b6 2016-02-05 05:16:19]
	at bsh.Parser.Statement(Parser.java:2698) ~[bsh-2.0b6.jar:2.0b6 2016-02-05 05:16:19]
	at bsh.Parser.BlockStatement(Parser.java:2819) ~[bsh-2.0b6.jar:2.0b6 2016-02-05 05:16:19]
	at bsh.Parser.Line(Parser.java:172) ~[bsh-2.0b6.jar:2.0b6 2016-02-05 05:16:19]
	at bsh.Interpreter.Line(Interpreter.java:1011) ~[bsh-2.0b6.jar:2.0b6 2016-02-05 05:16:19]
	at bsh.Interpreter.eval(Interpreter.java:641) ~[bsh-2.0b6.jar:2.0b6 2016-02-05 05:16:19]
	at bsh.Interpreter.eval(Interpreter.java:750) ~[bsh-2.0b6.jar:2.0b6 2016-02-05 05:16:19]
	at bsh.Interpreter.eval(Interpreter.java:739) ~[bsh-2.0b6.jar:2.0b6 2016-02-05 05:16:19]
	at java.base/jdk.internal.reflect.DirectMethodHandleAccessor.invoke(DirectMethodHandleAccessor.java:103) ~[?:?]
	at java.base/java.lang.reflect.Method.invoke(Method.java:580) ~[?:?]
	at org.apache.jmeter.util.BeanShellInterpreter.bshInvoke(BeanShellInterpreter.java:162) ~[ApacheJMeter_core.jar:5.6.3]
	... 12 more
2024-11-04 18:17:33,421 INFO o.a.j.p.j.s.J.Вывод результата: Файл успешно создан в рабочей директории: /home/evgen/Git_Project/Studing_Perfogmance_Testing/result_UC01A_HabrRegEx.txt
2024-11-04 18:17:33,422 INFO o.a.j.p.j.s.J.Вывод результата: Запись в файл завершена. Данные: 
1 : Содержание : 7786
2 : Документация и ссылки : 1100
3 : Основы синтаксиса : 9411
4 : Эксперименты в песочнице : 1419
5 : Регулярки в питоне : 1366
6 : Пример использования всех основных функций : 4600
7 : Написание и тестирование регулярных выражений : 410
8 : Задачи — 1 : 5559
9 : Скобочные группы (?:...) и перечисления | : 4022
10 : Задачи — 2 : 3517
11 : Группирующие скобки (...) и match-объекты в питоне : 6214
12 : Использование групп при заменах : 3550
13 : Задачи — 3 : 3869
14 : Шаблоны, соответствующие не конкретному тексту, а позиции : 7781
15 : Задачи — 4 : 538
16 : Post scriptum : 7792

2024-11-04 18:17:33,422 INFO o.a.j.t.JMeterThread: Thread is done: UC01A_HabrRegEx 1-1
2024-11-04 18:17:33,422 INFO o.a.j.t.JMeterThread: Thread finished: UC01A_HabrRegEx 1-1
2024-11-04 18:17:33,423 INFO o.a.j.e.StandardJMeterEngine: Notifying test listeners of end of test
2024-11-04 18:17:33,427 INFO o.a.j.g.u.JMeterMenuBar: setRunning(false, *local*)
2024-11-04 18:19:37,587 INFO o.a.j.e.StandardJMeterEngine: Running the test!
2024-11-04 18:19:37,588 INFO o.a.j.s.SampleEvent: List of sample_variables: []
2024-11-04 18:19:37,593 ERROR o.a.j.u.BeanShellInterpreter: Error invoking bsh method: eval	Sourced file: inline evaluation of: ``vars.get('PWD');'' Token Parsing Error: Lexical error at line 1, column 12.  Encountered: "W" (87), after : "\'P"
2024-11-04 18:19:37,593 WARN o.a.j.f.BeanShell: Error running BSH script
org.apache.jorphan.util.JMeterException: Error invoking bsh method: eval	Sourced file: inline evaluation of: ``vars.get('PWD');'' Token Parsing Error: Lexical error at line 1, column 12.  Encountered: "W" (87), after : "\'P"
	at org.apache.jmeter.util.BeanShellInterpreter.bshInvoke(BeanShellInterpreter.java:179) ~[ApacheJMeter_core.jar:5.6.3]
	at org.apache.jmeter.util.BeanShellInterpreter.eval(BeanShellInterpreter.java:185) ~[ApacheJMeter_core.jar:5.6.3]
	at org.apache.jmeter.functions.BeanShell.execute(BeanShell.java:102) ~[ApacheJMeter_functions.jar:5.6.3]
	at org.apache.jmeter.engine.util.CompoundVariable.execute(CompoundVariable.java:139) ~[ApacheJMeter_core.jar:5.6.3]
	at org.apache.jmeter.engine.util.CompoundVariable.execute(CompoundVariable.java:114) ~[ApacheJMeter_core.jar:5.6.3]
	at org.apache.jmeter.testelement.property.FunctionProperty.getStringValue(FunctionProperty.java:104) ~[ApacheJMeter_core.jar:5.6.3]
	at org.apache.jmeter.testbeans.TestBeanHelper.unwrapProperty(TestBeanHelper.java:196) ~[ApacheJMeter_core.jar:5.6.3]
	at org.apache.jmeter.testbeans.TestBeanHelper.prepare(TestBeanHelper.java:143) ~[ApacheJMeter_core.jar:5.6.3]
	at org.apache.jmeter.engine.StandardJMeterEngine.notifyTestListenersOfStart(StandardJMeterEngine.java:244) ~[ApacheJMeter_core.jar:5.6.3]
	at org.apache.jmeter.engine.StandardJMeterEngine.run(StandardJMeterEngine.java:432) ~[ApacheJMeter_core.jar:5.6.3]
	at java.base/java.util.concurrent.Executors$RunnableAdapter.call(Executors.java:572) ~[?:?]
	at java.base/java.util.concurrent.FutureTask.run(FutureTask.java:317) ~[?:?]
	at java.base/java.util.concurrent.ThreadPoolExecutor.runWorker(ThreadPoolExecutor.java:1144) ~[?:?]
	at java.base/java.util.concurrent.ThreadPoolExecutor$Worker.run(ThreadPoolExecutor.java:642) ~[?:?]
	at java.base/java.lang.Thread.run(Thread.java:1583) [?:?]
Caused by: java.lang.reflect.InvocationTargetException
	at java.base/jdk.internal.reflect.DirectMethodHandleAccessor.invoke(DirectMethodHandleAccessor.java:118) ~[?:?]
	at java.base/java.lang.reflect.Method.invoke(Method.java:580) ~[?:?]
	at org.apache.jmeter.util.BeanShellInterpreter.bshInvoke(BeanShellInterpreter.java:162) ~[ApacheJMeter_core.jar:5.6.3]
	... 14 more
Caused by: bsh.EvalError: Sourced file: inline evaluation of: ``vars.get('PWD');'' Token Parsing Error: Lexical error at line 1, column 12.  Encountered: "W" (87), after : "\'P"
	at bsh.Interpreter.eval(Interpreter.java:710) ~[bsh-2.0b6.jar:2.0b6 2016-02-05 05:16:19]
	at bsh.Interpreter.eval(Interpreter.java:750) ~[bsh-2.0b6.jar:2.0b6 2016-02-05 05:16:19]
	at bsh.Interpreter.eval(Interpreter.java:739) ~[bsh-2.0b6.jar:2.0b6 2016-02-05 05:16:19]
	at java.base/jdk.internal.reflect.DirectMethodHandleAccessor.invoke(DirectMethodHandleAccessor.java:103) ~[?:?]
	at java.base/java.lang.reflect.Method.invoke(Method.java:580) ~[?:?]
	at org.apache.jmeter.util.BeanShellInterpreter.bshInvoke(BeanShellInterpreter.java:162) ~[ApacheJMeter_core.jar:5.6.3]
	... 14 more
Caused by: bsh.TokenMgrError: Lexical error at line 1, column 12.  Encountered: "W" (87), after : "\'P"
	at bsh.ParserTokenManager.getNextToken(ParserTokenManager.java:2130) ~[bsh-2.0b6.jar:2.0b6 2016-02-05 05:16:19]
	at bsh.Parser.jj_scan_token(Parser.java:5986) ~[bsh-2.0b6.jar:2.0b6 2016-02-05 05:16:19]
	at bsh.Parser.jj_3R_138(Parser.java:4702) ~[bsh-2.0b6.jar:2.0b6 2016-02-05 05:16:19]
	at bsh.Parser.jj_3R_129(Parser.java:4679) ~[bsh-2.0b6.jar:2.0b6 2016-02-05 05:16:19]
	at bsh.Parser.jj_3R_98(Parser.java:5046) ~[bsh-2.0b6.jar:2.0b6 2016-02-05 05:16:19]
	at bsh.Parser.jj_3R_57(Parser.java:5026) ~[bsh-2.0b6.jar:2.0b6 2016-02-05 05:16:19]
	at bsh.Parser.jj_3R_33(Parser.java:5103) ~[bsh-2.0b6.jar:2.0b6 2016-02-05 05:16:19]
	at bsh.Parser.jj_3R_107(Parser.java:4171) ~[bsh-2.0b6.jar:2.0b6 2016-02-05 05:16:19]
	at bsh.Parser.jj_3R_70(Parser.java:4235) ~[bsh-2.0b6.jar:2.0b6 2016-02-05 05:16:19]
	at bsh.Parser.jj_3R_39(Parser.java:4227) ~[bsh-2.0b6.jar:2.0b6 2016-02-05 05:16:19]
	at bsh.Parser.jj_3R_134(Parser.java:4285) ~[bsh-2.0b6.jar:2.0b6 2016-02-05 05:16:19]
	at bsh.Parser.jj_3R_106(Parser.java:4295) ~[bsh-2.0b6.jar:2.0b6 2016-02-05 05:16:19]
	at bsh.Parser.jj_3R_69(Parser.java:4309) ~[bsh-2.0b6.jar:2.0b6 2016-02-05 05:16:19]
	at bsh.Parser.jj_3R_37(Parser.java:5058) ~[bsh-2.0b6.jar:2.0b6 2016-02-05 05:16:19]
	at bsh.Parser.jj_3R_101(Parser.java:4965) ~[bsh-2.0b6.jar:2.0b6 2016-02-05 05:16:19]
	at bsh.Parser.jj_3R_57(Parser.java:5032) ~[bsh-2.0b6.jar:2.0b6 2016-02-05 05:16:19]
	at bsh.Parser.jj_3R_33(Parser.java:5103) ~[bsh-2.0b6.jar:2.0b6 2016-02-05 05:16:19]
	at bsh.Parser.jj_3_8(Parser.java:4154) ~[bsh-2.0b6.jar:2.0b6 2016-02-05 05:16:19]
	at bsh.Parser.jj_2_8(Parser.java:3758) ~[bsh-2.0b6.jar:2.0b6 2016-02-05 05:16:19]
	at bsh.Parser.Expression(Parser.java:1064) ~[bsh-2.0b6.jar:2.0b6 2016-02-05 05:16:19]
	at bsh.Parser.StatementExpression(Parser.java:2864) ~[bsh-2.0b6.jar:2.0b6 2016-02-05 05:16:19]
	at bsh.Parser.Statement(Parser.java:2698) ~[bsh-2.0b6.jar:2.0b6 2016-02-05 05:16:19]
	at bsh.Parser.BlockStatement(Parser.java:2819) ~[bsh-2.0b6.jar:2.0b6 2016-02-05 05:16:19]
	at bsh.Parser.Line(Parser.java:172) ~[bsh-2.0b6.jar:2.0b6 2016-02-05 05:16:19]
	at bsh.Interpreter.Line(Interpreter.java:1011) ~[bsh-2.0b6.jar:2.0b6 2016-02-05 05:16:19]
	at bsh.Interpreter.eval(Interpreter.java:641) ~[bsh-2.0b6.jar:2.0b6 2016-02-05 05:16:19]
	at bsh.Interpreter.eval(Interpreter.java:750) ~[bsh-2.0b6.jar:2.0b6 2016-02-05 05:16:19]
	at bsh.Interpreter.eval(Interpreter.java:739) ~[bsh-2.0b6.jar:2.0b6 2016-02-05 05:16:19]
	at java.base/jdk.internal.reflect.DirectMethodHandleAccessor.invoke(DirectMethodHandleAccessor.java:103) ~[?:?]
	at java.base/java.lang.reflect.Method.invoke(Method.java:580) ~[?:?]
	at org.apache.jmeter.util.BeanShellInterpreter.bshInvoke(BeanShellInterpreter.java:162) ~[ApacheJMeter_core.jar:5.6.3]
	... 14 more
2024-11-04 18:19:37,594 INFO o.a.j.g.u.JMeterMenuBar: setRunning(true, *local*)
2024-11-04 18:19:37,683 INFO o.a.j.e.StandardJMeterEngine: Starting ThreadGroup: 1 : UC01A_HabrRegEx
2024-11-04 18:19:37,684 INFO o.a.j.e.StandardJMeterEngine: Starting 1 threads for group UC01A_HabrRegEx.
2024-11-04 18:19:37,684 INFO o.a.j.e.StandardJMeterEngine: Thread will continue on error
2024-11-04 18:19:37,684 INFO o.a.j.t.ThreadGroup: Starting thread group... number=1 threads=1 ramp-up=1 delayedStart=false
2024-11-04 18:19:37,685 INFO o.a.j.t.ThreadGroup: Started thread group number 1
2024-11-04 18:19:37,685 INFO o.a.j.e.StandardJMeterEngine: All thread groups have been started
2024-11-04 18:19:37,685 INFO o.a.j.t.JMeterThread: Thread started: UC01A_HabrRegEx 1-1
2024-11-04 18:19:38,142 ERROR o.a.j.u.BeanShellInterpreter: Error invoking bsh method: eval	Sourced file: inline evaluation of: ``vars.get('PWD');'' Token Parsing Error: Lexical error at line 1, column 12.  Encountered: "W" (87), after : "\'P"
2024-11-04 18:19:38,143 WARN o.a.j.f.BeanShell: Error running BSH script
org.apache.jorphan.util.JMeterException: Error invoking bsh method: eval	Sourced file: inline evaluation of: ``vars.get('PWD');'' Token Parsing Error: Lexical error at line 1, column 12.  Encountered: "W" (87), after : "\'P"
	at org.apache.jmeter.util.BeanShellInterpreter.bshInvoke(BeanShellInterpreter.java:179) ~[ApacheJMeter_core.jar:5.6.3]
	at org.apache.jmeter.util.BeanShellInterpreter.eval(BeanShellInterpreter.java:185) ~[ApacheJMeter_core.jar:5.6.3]
	at org.apache.jmeter.functions.BeanShell.execute(BeanShell.java:102) ~[ApacheJMeter_functions.jar:5.6.3]
	at org.apache.jmeter.engine.util.CompoundVariable.execute(CompoundVariable.java:139) ~[ApacheJMeter_core.jar:5.6.3]
	at org.apache.jmeter.engine.util.CompoundVariable.execute(CompoundVariable.java:114) ~[ApacheJMeter_core.jar:5.6.3]
	at org.apache.jmeter.testelement.property.FunctionProperty.getStringValue(FunctionProperty.java:104) ~[ApacheJMeter_core.jar:5.6.3]
	at org.apache.jmeter.testbeans.TestBeanHelper.unwrapProperty(TestBeanHelper.java:196) ~[ApacheJMeter_core.jar:5.6.3]
	at org.apache.jmeter.testbeans.TestBeanHelper.prepare(TestBeanHelper.java:143) ~[ApacheJMeter_core.jar:5.6.3]
	at org.apache.jmeter.threads.JMeterThread.doSampling(JMeterThread.java:638) ~[ApacheJMeter_core.jar:5.6.3]
	at org.apache.jmeter.threads.JMeterThread.executeSamplePackage(JMeterThread.java:570) ~[ApacheJMeter_core.jar:5.6.3]
	at org.apache.jmeter.threads.JMeterThread.processSampler(JMeterThread.java:501) ~[ApacheJMeter_core.jar:5.6.3]
	at org.apache.jmeter.threads.JMeterThread.run(JMeterThread.java:268) ~[ApacheJMeter_core.jar:5.6.3]
	at java.base/java.lang.Thread.run(Thread.java:1583) [?:?]
Caused by: java.lang.reflect.InvocationTargetException
	at java.base/jdk.internal.reflect.DirectMethodHandleAccessor.invoke(DirectMethodHandleAccessor.java:118) ~[?:?]
	at java.base/java.lang.reflect.Method.invoke(Method.java:580) ~[?:?]
	at org.apache.jmeter.util.BeanShellInterpreter.bshInvoke(BeanShellInterpreter.java:162) ~[ApacheJMeter_core.jar:5.6.3]
	... 12 more
Caused by: bsh.EvalError: Sourced file: inline evaluation of: ``vars.get('PWD');'' Token Parsing Error: Lexical error at line 1, column 12.  Encountered: "W" (87), after : "\'P"
	at bsh.Interpreter.eval(Interpreter.java:710) ~[bsh-2.0b6.jar:2.0b6 2016-02-05 05:16:19]
	at bsh.Interpreter.eval(Interpreter.java:750) ~[bsh-2.0b6.jar:2.0b6 2016-02-05 05:16:19]
	at bsh.Interpreter.eval(Interpreter.java:739) ~[bsh-2.0b6.jar:2.0b6 2016-02-05 05:16:19]
	at java.base/jdk.internal.reflect.DirectMethodHandleAccessor.invoke(DirectMethodHandleAccessor.java:103) ~[?:?]
	at java.base/java.lang.reflect.Method.invoke(Method.java:580) ~[?:?]
	at org.apache.jmeter.util.BeanShellInterpreter.bshInvoke(BeanShellInterpreter.java:162) ~[ApacheJMeter_core.jar:5.6.3]
	... 12 more
Caused by: bsh.TokenMgrError: Lexical error at line 1, column 12.  Encountered: "W" (87), after : "\'P"
	at bsh.ParserTokenManager.getNextToken(ParserTokenManager.java:2130) ~[bsh-2.0b6.jar:2.0b6 2016-02-05 05:16:19]
	at bsh.Parser.jj_scan_token(Parser.java:5986) ~[bsh-2.0b6.jar:2.0b6 2016-02-05 05:16:19]
	at bsh.Parser.jj_3R_138(Parser.java:4702) ~[bsh-2.0b6.jar:2.0b6 2016-02-05 05:16:19]
	at bsh.Parser.jj_3R_129(Parser.java:4679) ~[bsh-2.0b6.jar:2.0b6 2016-02-05 05:16:19]
	at bsh.Parser.jj_3R_98(Parser.java:5046) ~[bsh-2.0b6.jar:2.0b6 2016-02-05 05:16:19]
	at bsh.Parser.jj_3R_57(Parser.java:5026) ~[bsh-2.0b6.jar:2.0b6 2016-02-05 05:16:19]
	at bsh.Parser.jj_3R_33(Parser.java:5103) ~[bsh-2.0b6.jar:2.0b6 2016-02-05 05:16:19]
	at bsh.Parser.jj_3R_107(Parser.java:4171) ~[bsh-2.0b6.jar:2.0b6 2016-02-05 05:16:19]
	at bsh.Parser.jj_3R_70(Parser.java:4235) ~[bsh-2.0b6.jar:2.0b6 2016-02-05 05:16:19]
	at bsh.Parser.jj_3R_39(Parser.java:4227) ~[bsh-2.0b6.jar:2.0b6 2016-02-05 05:16:19]
	at bsh.Parser.jj_3R_134(Parser.java:4285) ~[bsh-2.0b6.jar:2.0b6 2016-02-05 05:16:19]
	at bsh.Parser.jj_3R_106(Parser.java:4295) ~[bsh-2.0b6.jar:2.0b6 2016-02-05 05:16:19]
	at bsh.Parser.jj_3R_69(Parser.java:4309) ~[bsh-2.0b6.jar:2.0b6 2016-02-05 05:16:19]
	at bsh.Parser.jj_3R_37(Parser.java:5058) ~[bsh-2.0b6.jar:2.0b6 2016-02-05 05:16:19]
	at bsh.Parser.jj_3R_101(Parser.java:4965) ~[bsh-2.0b6.jar:2.0b6 2016-02-05 05:16:19]
	at bsh.Parser.jj_3R_57(Parser.java:5032) ~[bsh-2.0b6.jar:2.0b6 2016-02-05 05:16:19]
	at bsh.Parser.jj_3R_33(Parser.java:5103) ~[bsh-2.0b6.jar:2.0b6 2016-02-05 05:16:19]
	at bsh.Parser.jj_3_8(Parser.java:4154) ~[bsh-2.0b6.jar:2.0b6 2016-02-05 05:16:19]
	at bsh.Parser.jj_2_8(Parser.java:3758) ~[bsh-2.0b6.jar:2.0b6 2016-02-05 05:16:19]
	at bsh.Parser.Expression(Parser.java:1064) ~[bsh-2.0b6.jar:2.0b6 2016-02-05 05:16:19]
	at bsh.Parser.StatementExpression(Parser.java:2864) ~[bsh-2.0b6.jar:2.0b6 2016-02-05 05:16:19]
	at bsh.Parser.Statement(Parser.java:2698) ~[bsh-2.0b6.jar:2.0b6 2016-02-05 05:16:19]
	at bsh.Parser.BlockStatement(Parser.java:2819) ~[bsh-2.0b6.jar:2.0b6 2016-02-05 05:16:19]
	at bsh.Parser.Line(Parser.java:172) ~[bsh-2.0b6.jar:2.0b6 2016-02-05 05:16:19]
	at bsh.Interpreter.Line(Interpreter.java:1011) ~[bsh-2.0b6.jar:2.0b6 2016-02-05 05:16:19]
	at bsh.Interpreter.eval(Interpreter.java:641) ~[bsh-2.0b6.jar:2.0b6 2016-02-05 05:16:19]
	at bsh.Interpreter.eval(Interpreter.java:750) ~[bsh-2.0b6.jar:2.0b6 2016-02-05 05:16:19]
	at bsh.Interpreter.eval(Interpreter.java:739) ~[bsh-2.0b6.jar:2.0b6 2016-02-05 05:16:19]
	at java.base/jdk.internal.reflect.DirectMethodHandleAccessor.invoke(DirectMethodHandleAccessor.java:103) ~[?:?]
	at java.base/java.lang.reflect.Method.invoke(Method.java:580) ~[?:?]
	at org.apache.jmeter.util.BeanShellInterpreter.bshInvoke(BeanShellInterpreter.java:162) ~[ApacheJMeter_core.jar:5.6.3]
	... 12 more
2024-11-04 18:19:38,191 INFO o.a.j.p.j.s.J.Вывод результата: Файл успешно создан в рабочей директории: /home/evgen/Git_Project/Studing_Perfogmance_Testing/result_UC01A_HabrRegEx.txt
2024-11-04 18:19:38,191 INFO o.a.j.p.j.s.J.Вывод результата: Запись в файл завершена. Данные: 
1 : Содержание : 7786
2 : Документация и ссылки : 1100
3 : Основы синтаксиса : 9411
4 : Эксперименты в песочнице : 1419
5 : Регулярки в питоне : 1366
6 : Пример использования всех основных функций : 4600
7 : Написание и тестирование регулярных выражений : 410
8 : Задачи — 1 : 5559
9 : Скобочные группы (?:...) и перечисления | : 4022
10 : Задачи — 2 : 3517
11 : Группирующие скобки (...) и match-объекты в питоне : 6214
12 : Использование групп при заменах : 3550
13 : Задачи — 3 : 3869
14 : Шаблоны, соответствующие не конкретному тексту, а позиции : 7781
15 : Задачи — 4 : 538
16 : Post scriptum : 7792

2024-11-04 18:19:38,192 INFO o.a.j.t.JMeterThread: Thread is done: UC01A_HabrRegEx 1-1
2024-11-04 18:19:38,192 INFO o.a.j.t.JMeterThread: Thread finished: UC01A_HabrRegEx 1-1
2024-11-04 18:19:38,193 INFO o.a.j.e.StandardJMeterEngine: Notifying test listeners of end of test
2024-11-04 18:19:38,193 INFO o.a.j.g.u.JMeterMenuBar: setRunning(false, *local*)
2024-11-04 18:19:42,835 INFO o.a.j.e.StandardJMeterEngine: Running the test!
2024-11-04 18:19:42,836 INFO o.a.j.s.SampleEvent: List of sample_variables: []
2024-11-04 18:19:42,840 ERROR o.a.j.u.BeanShellInterpreter: Error invoking bsh method: eval	Sourced file: inline evaluation of: ``vars.get('PWD');'' Token Parsing Error: Lexical error at line 1, column 12.  Encountered: "W" (87), after : "\'P"
2024-11-04 18:19:42,840 WARN o.a.j.f.BeanShell: Error running BSH script
org.apache.jorphan.util.JMeterException: Error invoking bsh method: eval	Sourced file: inline evaluation of: ``vars.get('PWD');'' Token Parsing Error: Lexical error at line 1, column 12.  Encountered: "W" (87), after : "\'P"
	at org.apache.jmeter.util.BeanShellInterpreter.bshInvoke(BeanShellInterpreter.java:179) ~[ApacheJMeter_core.jar:5.6.3]
	at org.apache.jmeter.util.BeanShellInterpreter.eval(BeanShellInterpreter.java:185) ~[ApacheJMeter_core.jar:5.6.3]
	at org.apache.jmeter.functions.BeanShell.execute(BeanShell.java:102) ~[ApacheJMeter_functions.jar:5.6.3]
	at org.apache.jmeter.engine.util.CompoundVariable.execute(CompoundVariable.java:139) ~[ApacheJMeter_core.jar:5.6.3]
	at org.apache.jmeter.engine.util.CompoundVariable.execute(CompoundVariable.java:114) ~[ApacheJMeter_core.jar:5.6.3]
	at org.apache.jmeter.testelement.property.FunctionProperty.getStringValue(FunctionProperty.java:104) ~[ApacheJMeter_core.jar:5.6.3]
	at org.apache.jmeter.testbeans.TestBeanHelper.unwrapProperty(TestBeanHelper.java:196) ~[ApacheJMeter_core.jar:5.6.3]
	at org.apache.jmeter.testbeans.TestBeanHelper.prepare(TestBeanHelper.java:143) ~[ApacheJMeter_core.jar:5.6.3]
	at org.apache.jmeter.engine.StandardJMeterEngine.notifyTestListenersOfStart(StandardJMeterEngine.java:244) ~[ApacheJMeter_core.jar:5.6.3]
	at org.apache.jmeter.engine.StandardJMeterEngine.run(StandardJMeterEngine.java:432) ~[ApacheJMeter_core.jar:5.6.3]
	at java.base/java.util.concurrent.Executors$RunnableAdapter.call(Executors.java:572) ~[?:?]
	at java.base/java.util.concurrent.FutureTask.run(FutureTask.java:317) ~[?:?]
	at java.base/java.util.concurrent.ThreadPoolExecutor.runWorker(ThreadPoolExecutor.java:1144) ~[?:?]
	at java.base/java.util.concurrent.ThreadPoolExecutor$Worker.run(ThreadPoolExecutor.java:642) ~[?:?]
	at java.base/java.lang.Thread.run(Thread.java:1583) [?:?]
Caused by: java.lang.reflect.InvocationTargetException
	at java.base/jdk.internal.reflect.DirectMethodHandleAccessor.invoke(DirectMethodHandleAccessor.java:118) ~[?:?]
	at java.base/java.lang.reflect.Method.invoke(Method.java:580) ~[?:?]
	at org.apache.jmeter.util.BeanShellInterpreter.bshInvoke(BeanShellInterpreter.java:162) ~[ApacheJMeter_core.jar:5.6.3]
	... 14 more
Caused by: bsh.EvalError: Sourced file: inline evaluation of: ``vars.get('PWD');'' Token Parsing Error: Lexical error at line 1, column 12.  Encountered: "W" (87), after : "\'P"
	at bsh.Interpreter.eval(Interpreter.java:710) ~[bsh-2.0b6.jar:2.0b6 2016-02-05 05:16:19]
	at bsh.Interpreter.eval(Interpreter.java:750) ~[bsh-2.0b6.jar:2.0b6 2016-02-05 05:16:19]
	at bsh.Interpreter.eval(Interpreter.java:739) ~[bsh-2.0b6.jar:2.0b6 2016-02-05 05:16:19]
	at java.base/jdk.internal.reflect.DirectMethodHandleAccessor.invoke(DirectMethodHandleAccessor.java:103) ~[?:?]
	at java.base/java.lang.reflect.Method.invoke(Method.java:580) ~[?:?]
	at org.apache.jmeter.util.BeanShellInterpreter.bshInvoke(BeanShellInterpreter.java:162) ~[ApacheJMeter_core.jar:5.6.3]
	... 14 more
Caused by: bsh.TokenMgrError: Lexical error at line 1, column 12.  Encountered: "W" (87), after : "\'P"
	at bsh.ParserTokenManager.getNextToken(ParserTokenManager.java:2130) ~[bsh-2.0b6.jar:2.0b6 2016-02-05 05:16:19]
	at bsh.Parser.jj_scan_token(Parser.java:5986) ~[bsh-2.0b6.jar:2.0b6 2016-02-05 05:16:19]
	at bsh.Parser.jj_3R_138(Parser.java:4702) ~[bsh-2.0b6.jar:2.0b6 2016-02-05 05:16:19]
	at bsh.Parser.jj_3R_129(Parser.java:4679) ~[bsh-2.0b6.jar:2.0b6 2016-02-05 05:16:19]
	at bsh.Parser.jj_3R_98(Parser.java:5046) ~[bsh-2.0b6.jar:2.0b6 2016-02-05 05:16:19]
	at bsh.Parser.jj_3R_57(Parser.java:5026) ~[bsh-2.0b6.jar:2.0b6 2016-02-05 05:16:19]
	at bsh.Parser.jj_3R_33(Parser.java:5103) ~[bsh-2.0b6.jar:2.0b6 2016-02-05 05:16:19]
	at bsh.Parser.jj_3R_107(Parser.java:4171) ~[bsh-2.0b6.jar:2.0b6 2016-02-05 05:16:19]
	at bsh.Parser.jj_3R_70(Parser.java:4235) ~[bsh-2.0b6.jar:2.0b6 2016-02-05 05:16:19]
	at bsh.Parser.jj_3R_39(Parser.java:4227) ~[bsh-2.0b6.jar:2.0b6 2016-02-05 05:16:19]
	at bsh.Parser.jj_3R_134(Parser.java:4285) ~[bsh-2.0b6.jar:2.0b6 2016-02-05 05:16:19]
	at bsh.Parser.jj_3R_106(Parser.java:4295) ~[bsh-2.0b6.jar:2.0b6 2016-02-05 05:16:19]
	at bsh.Parser.jj_3R_69(Parser.java:4309) ~[bsh-2.0b6.jar:2.0b6 2016-02-05 05:16:19]
	at bsh.Parser.jj_3R_37(Parser.java:5058) ~[bsh-2.0b6.jar:2.0b6 2016-02-05 05:16:19]
	at bsh.Parser.jj_3R_101(Parser.java:4965) ~[bsh-2.0b6.jar:2.0b6 2016-02-05 05:16:19]
	at bsh.Parser.jj_3R_57(Parser.java:5032) ~[bsh-2.0b6.jar:2.0b6 2016-02-05 05:16:19]
	at bsh.Parser.jj_3R_33(Parser.java:5103) ~[bsh-2.0b6.jar:2.0b6 2016-02-05 05:16:19]
	at bsh.Parser.jj_3_8(Parser.java:4154) ~[bsh-2.0b6.jar:2.0b6 2016-02-05 05:16:19]
	at bsh.Parser.jj_2_8(Parser.java:3758) ~[bsh-2.0b6.jar:2.0b6 2016-02-05 05:16:19]
	at bsh.Parser.Expression(Parser.java:1064) ~[bsh-2.0b6.jar:2.0b6 2016-02-05 05:16:19]
	at bsh.Parser.StatementExpression(Parser.java:2864) ~[bsh-2.0b6.jar:2.0b6 2016-02-05 05:16:19]
	at bsh.Parser.Statement(Parser.java:2698) ~[bsh-2.0b6.jar:2.0b6 2016-02-05 05:16:19]
	at bsh.Parser.BlockStatement(Parser.java:2819) ~[bsh-2.0b6.jar:2.0b6 2016-02-05 05:16:19]
	at bsh.Parser.Line(Parser.java:172) ~[bsh-2.0b6.jar:2.0b6 2016-02-05 05:16:19]
	at bsh.Interpreter.Line(Interpreter.java:1011) ~[bsh-2.0b6.jar:2.0b6 2016-02-05 05:16:19]
	at bsh.Interpreter.eval(Interpreter.java:641) ~[bsh-2.0b6.jar:2.0b6 2016-02-05 05:16:19]
	at bsh.Interpreter.eval(Interpreter.java:750) ~[bsh-2.0b6.jar:2.0b6 2016-02-05 05:16:19]
	at bsh.Interpreter.eval(Interpreter.java:739) ~[bsh-2.0b6.jar:2.0b6 2016-02-05 05:16:19]
	at java.base/jdk.internal.reflect.DirectMethodHandleAccessor.invoke(DirectMethodHandleAccessor.java:103) ~[?:?]
	at java.base/java.lang.reflect.Method.invoke(Method.java:580) ~[?:?]
	at org.apache.jmeter.util.BeanShellInterpreter.bshInvoke(BeanShellInterpreter.java:162) ~[ApacheJMeter_core.jar:5.6.3]
	... 14 more
2024-11-04 18:19:42,841 INFO o.a.j.g.u.JMeterMenuBar: setRunning(true, *local*)
2024-11-04 18:19:42,893 INFO o.a.j.e.StandardJMeterEngine: Starting ThreadGroup: 1 : UC01A_HabrRegEx
2024-11-04 18:19:42,893 INFO o.a.j.e.StandardJMeterEngine: Starting 1 threads for group UC01A_HabrRegEx.
2024-11-04 18:19:42,893 INFO o.a.j.e.StandardJMeterEngine: Thread will continue on error
2024-11-04 18:19:42,893 INFO o.a.j.t.ThreadGroup: Starting thread group... number=1 threads=1 ramp-up=1 delayedStart=false
2024-11-04 18:19:42,894 INFO o.a.j.t.ThreadGroup: Started thread group number 1
2024-11-04 18:19:42,894 INFO o.a.j.e.StandardJMeterEngine: All thread groups have been started
2024-11-04 18:19:42,895 INFO o.a.j.t.JMeterThread: Thread started: UC01A_HabrRegEx 1-1
2024-11-04 18:19:43,745 ERROR o.a.j.u.BeanShellInterpreter: Error invoking bsh method: eval	Sourced file: inline evaluation of: ``vars.get('PWD');'' Token Parsing Error: Lexical error at line 1, column 12.  Encountered: "W" (87), after : "\'P"
2024-11-04 18:19:43,746 WARN o.a.j.f.BeanShell: Error running BSH script
org.apache.jorphan.util.JMeterException: Error invoking bsh method: eval	Sourced file: inline evaluation of: ``vars.get('PWD');'' Token Parsing Error: Lexical error at line 1, column 12.  Encountered: "W" (87), after : "\'P"
	at org.apache.jmeter.util.BeanShellInterpreter.bshInvoke(BeanShellInterpreter.java:179) ~[ApacheJMeter_core.jar:5.6.3]
	at org.apache.jmeter.util.BeanShellInterpreter.eval(BeanShellInterpreter.java:185) ~[ApacheJMeter_core.jar:5.6.3]
	at org.apache.jmeter.functions.BeanShell.execute(BeanShell.java:102) ~[ApacheJMeter_functions.jar:5.6.3]
	at org.apache.jmeter.engine.util.CompoundVariable.execute(CompoundVariable.java:139) ~[ApacheJMeter_core.jar:5.6.3]
	at org.apache.jmeter.engine.util.CompoundVariable.execute(CompoundVariable.java:114) ~[ApacheJMeter_core.jar:5.6.3]
	at org.apache.jmeter.testelement.property.FunctionProperty.getStringValue(FunctionProperty.java:104) ~[ApacheJMeter_core.jar:5.6.3]
	at org.apache.jmeter.testbeans.TestBeanHelper.unwrapProperty(TestBeanHelper.java:196) ~[ApacheJMeter_core.jar:5.6.3]
	at org.apache.jmeter.testbeans.TestBeanHelper.prepare(TestBeanHelper.java:143) ~[ApacheJMeter_core.jar:5.6.3]
	at org.apache.jmeter.threads.JMeterThread.doSampling(JMeterThread.java:638) ~[ApacheJMeter_core.jar:5.6.3]
	at org.apache.jmeter.threads.JMeterThread.executeSamplePackage(JMeterThread.java:570) ~[ApacheJMeter_core.jar:5.6.3]
	at org.apache.jmeter.threads.JMeterThread.processSampler(JMeterThread.java:501) ~[ApacheJMeter_core.jar:5.6.3]
	at org.apache.jmeter.threads.JMeterThread.run(JMeterThread.java:268) ~[ApacheJMeter_core.jar:5.6.3]
	at java.base/java.lang.Thread.run(Thread.java:1583) [?:?]
Caused by: java.lang.reflect.InvocationTargetException
	at java.base/jdk.internal.reflect.DirectMethodHandleAccessor.invoke(DirectMethodHandleAccessor.java:118) ~[?:?]
	at java.base/java.lang.reflect.Method.invoke(Method.java:580) ~[?:?]
	at org.apache.jmeter.util.BeanShellInterpreter.bshInvoke(BeanShellInterpreter.java:162) ~[ApacheJMeter_core.jar:5.6.3]
	... 12 more
Caused by: bsh.EvalError: Sourced file: inline evaluation of: ``vars.get('PWD');'' Token Parsing Error: Lexical error at line 1, column 12.  Encountered: "W" (87), after : "\'P"
	at bsh.Interpreter.eval(Interpreter.java:710) ~[bsh-2.0b6.jar:2.0b6 2016-02-05 05:16:19]
	at bsh.Interpreter.eval(Interpreter.java:750) ~[bsh-2.0b6.jar:2.0b6 2016-02-05 05:16:19]
	at bsh.Interpreter.eval(Interpreter.java:739) ~[bsh-2.0b6.jar:2.0b6 2016-02-05 05:16:19]
	at java.base/jdk.internal.reflect.DirectMethodHandleAccessor.invoke(DirectMethodHandleAccessor.java:103) ~[?:?]
	at java.base/java.lang.reflect.Method.invoke(Method.java:580) ~[?:?]
	at org.apache.jmeter.util.BeanShellInterpreter.bshInvoke(BeanShellInterpreter.java:162) ~[ApacheJMeter_core.jar:5.6.3]
	... 12 more
Caused by: bsh.TokenMgrError: Lexical error at line 1, column 12.  Encountered: "W" (87), after : "\'P"
	at bsh.ParserTokenManager.getNextToken(ParserTokenManager.java:2130) ~[bsh-2.0b6.jar:2.0b6 2016-02-05 05:16:19]
	at bsh.Parser.jj_scan_token(Parser.java:5986) ~[bsh-2.0b6.jar:2.0b6 2016-02-05 05:16:19]
	at bsh.Parser.jj_3R_138(Parser.java:4702) ~[bsh-2.0b6.jar:2.0b6 2016-02-05 05:16:19]
	at bsh.Parser.jj_3R_129(Parser.java:4679) ~[bsh-2.0b6.jar:2.0b6 2016-02-05 05:16:19]
	at bsh.Parser.jj_3R_98(Parser.java:5046) ~[bsh-2.0b6.jar:2.0b6 2016-02-05 05:16:19]
	at bsh.Parser.jj_3R_57(Parser.java:5026) ~[bsh-2.0b6.jar:2.0b6 2016-02-05 05:16:19]
	at bsh.Parser.jj_3R_33(Parser.java:5103) ~[bsh-2.0b6.jar:2.0b6 2016-02-05 05:16:19]
	at bsh.Parser.jj_3R_107(Parser.java:4171) ~[bsh-2.0b6.jar:2.0b6 2016-02-05 05:16:19]
	at bsh.Parser.jj_3R_70(Parser.java:4235) ~[bsh-2.0b6.jar:2.0b6 2016-02-05 05:16:19]
	at bsh.Parser.jj_3R_39(Parser.java:4227) ~[bsh-2.0b6.jar:2.0b6 2016-02-05 05:16:19]
	at bsh.Parser.jj_3R_134(Parser.java:4285) ~[bsh-2.0b6.jar:2.0b6 2016-02-05 05:16:19]
	at bsh.Parser.jj_3R_106(Parser.java:4295) ~[bsh-2.0b6.jar:2.0b6 2016-02-05 05:16:19]
	at bsh.Parser.jj_3R_69(Parser.java:4309) ~[bsh-2.0b6.jar:2.0b6 2016-02-05 05:16:19]
	at bsh.Parser.jj_3R_37(Parser.java:5058) ~[bsh-2.0b6.jar:2.0b6 2016-02-05 05:16:19]
	at bsh.Parser.jj_3R_101(Parser.java:4965) ~[bsh-2.0b6.jar:2.0b6 2016-02-05 05:16:19]
	at bsh.Parser.jj_3R_57(Parser.java:5032) ~[bsh-2.0b6.jar:2.0b6 2016-02-05 05:16:19]
	at bsh.Parser.jj_3R_33(Parser.java:5103) ~[bsh-2.0b6.jar:2.0b6 2016-02-05 05:16:19]
	at bsh.Parser.jj_3_8(Parser.java:4154) ~[bsh-2.0b6.jar:2.0b6 2016-02-05 05:16:19]
	at bsh.Parser.jj_2_8(Parser.java:3758) ~[bsh-2.0b6.jar:2.0b6 2016-02-05 05:16:19]
	at bsh.Parser.Expression(Parser.java:1064) ~[bsh-2.0b6.jar:2.0b6 2016-02-05 05:16:19]
	at bsh.Parser.StatementExpression(Parser.java:2864) ~[bsh-2.0b6.jar:2.0b6 2016-02-05 05:16:19]
	at bsh.Parser.Statement(Parser.java:2698) ~[bsh-2.0b6.jar:2.0b6 2016-02-05 05:16:19]
	at bsh.Parser.BlockStatement(Parser.java:2819) ~[bsh-2.0b6.jar:2.0b6 2016-02-05 05:16:19]
	at bsh.Parser.Line(Parser.java:172) ~[bsh-2.0b6.jar:2.0b6 2016-02-05 05:16:19]
	at bsh.Interpreter.Line(Interpreter.java:1011) ~[bsh-2.0b6.jar:2.0b6 2016-02-05 05:16:19]
	at bsh.Interpreter.eval(Interpreter.java:641) ~[bsh-2.0b6.jar:2.0b6 2016-02-05 05:16:19]
	at bsh.Interpreter.eval(Interpreter.java:750) ~[bsh-2.0b6.jar:2.0b6 2016-02-05 05:16:19]
	at bsh.Interpreter.eval(Interpreter.java:739) ~[bsh-2.0b6.jar:2.0b6 2016-02-05 05:16:19]
	at java.base/jdk.internal.reflect.DirectMethodHandleAccessor.invoke(DirectMethodHandleAccessor.java:103) ~[?:?]
	at java.base/java.lang.reflect.Method.invoke(Method.java:580) ~[?:?]
	at org.apache.jmeter.util.BeanShellInterpreter.bshInvoke(BeanShellInterpreter.java:162) ~[ApacheJMeter_core.jar:5.6.3]
	... 12 more
2024-11-04 18:19:43,801 INFO o.a.j.p.j.s.J.Вывод результата: Файл успешно создан в рабочей директории: /home/evgen/Git_Project/Studing_Perfogmance_Testing/result_UC01A_HabrRegEx.txt
2024-11-04 18:19:43,802 INFO o.a.j.p.j.s.J.Вывод результата: Запись в файл завершена. Данные: 
1 : Содержание : 7786
2 : Документация и ссылки : 1100
3 : Основы синтаксиса : 9411
4 : Эксперименты в песочнице : 1419
5 : Регулярки в питоне : 1366
6 : Пример использования всех основных функций : 4600
7 : Написание и тестирование регулярных выражений : 410
8 : Задачи — 1 : 5559
9 : Скобочные группы (?:...) и перечисления | : 4022
10 : Задачи — 2 : 3517
11 : Группирующие скобки (...) и match-объекты в питоне : 6214
12 : Использование групп при заменах : 3550
13 : Задачи — 3 : 3869
14 : Шаблоны, соответствующие не конкретному тексту, а позиции : 7781
15 : Задачи — 4 : 538
16 : Post scriptum : 7792

2024-11-04 18:19:43,802 INFO o.a.j.t.JMeterThread: Thread is done: UC01A_HabrRegEx 1-1
2024-11-04 18:19:43,802 INFO o.a.j.t.JMeterThread: Thread finished: UC01A_HabrRegEx 1-1
2024-11-04 18:19:43,803 INFO o.a.j.e.StandardJMeterEngine: Notifying test listeners of end of test
2024-11-04 18:19:43,803 INFO o.a.j.g.u.JMeterMenuBar: setRunning(false, *local*)
